epoch	loss	lr	cor
1	tensor(5.1245, device='cuda:0')	0.0004	0.06698006729418768
2	tensor(3.8253, device='cuda:0')	0.0004	0.10201290135394123
3	tensor(3.3168, device='cuda:0')	0.0004	0.16835805448146046
4	tensor(2.9401, device='cuda:0')	0.0004	0.2586556973358964
5	tensor(2.3375, device='cuda:0')	0.0004	0.4258206069518069
6	tensor(1.7507, device='cuda:0')	0.0004	0.5765222644786816
7	tensor(1.2980, device='cuda:0')	0.0004	0.6964262831007952
8	tensor(1.0588, device='cuda:0')	0.0004	0.7571517973017372
9	tensor(0.8656, device='cuda:0')	0.0004	0.8043485798235521
10	tensor(0.7259, device='cuda:0')	0.0004	0.837490730288839
11	tensor(0.6296, device='cuda:0')	0.0004	0.8584578136470324
12	tensor(0.5375, device='cuda:0')	0.0004	0.8807013994866563
13	tensor(0.4847, device='cuda:0')	0.0004	0.8923760530906844
14	tensor(0.4370, device='cuda:0')	0.0004	0.9029305633734479
15	tensor(0.4280, device='cuda:0')	0.0004	0.9061703459783276
16	tensor(0.3543, device='cuda:0')	0.0004	0.9209229924426399
17	tensor(0.3293, device='cuda:0')	0.0004	0.9271581282757101
18	tensor(0.3121, device='cuda:0')	0.0004	0.9305637415559974
19	tensor(0.2857, device='cuda:0')	0.0004	0.936437769645138
20	tensor(0.2720, device='cuda:0')	0.0004	0.939537285558497
21	tensor(0.2721, device='cuda:0')	0.0004	0.9397078673691251
22	tensor(0.2436, device='cuda:0')	0.0004	0.9454125550565908
23	tensor(0.2299, device='cuda:0')	0.0004	0.9488797051011769
24	tensor(0.2340, device='cuda:0')	0.0004	0.9480690842264845
25	tensor(0.2131, device='cuda:0')	0.0004	0.95211190897236
26	tensor(0.2015, device='cuda:0')	0.0004	0.9548757203389013
27	tensor(0.1998, device='cuda:0')	0.0004	0.9553353377228614
28	tensor(0.1902, device='cuda:0')	0.0004	0.95731987462567
29	tensor(0.1903, device='cuda:0')	0.0004	0.9576348608438298
30	tensor(0.1885, device='cuda:0')	0.0004	0.9576214740634196
31	tensor(0.1848, device='cuda:0')	0.0004	0.958656935322628
32	tensor(0.1737, device='cuda:0')	0.0004	0.9611231780671118
33	tensor(0.1622, device='cuda:0')	0.0004	0.9634295919235046
34	tensor(0.1581, device='cuda:0')	0.0004	0.9645125405893691
35	tensor(0.1616, device='cuda:0')	0.0004	0.963666790313219
36	tensor(0.1522, device='cuda:0')	0.0004	0.9656459868980497
37	tensor(0.1564, device='cuda:0')	0.0004	0.9651447776116614
38	tensor(0.1525, device='cuda:0')	0.0004	0.9656238321708661
39	tensor(0.1398, device='cuda:0')	0.0004	0.9683054788600978
40	tensor(0.1376, device='cuda:0')	0.0004	0.9689393872945569
41	tensor(0.1354, device='cuda:0')	0.0004	0.9694733143433217
42	tensor(0.1340, device='cuda:0')	0.0004	0.969703921698565
43	tensor(0.1303, device='cuda:0')	0.0004	0.9705196799226562
44	tensor(0.1292, device='cuda:0')	0.0004	0.9707876055493351
45	tensor(0.1475, device='cuda:0')	0.0004	0.9668940807003851
46	tensor(0.1341, device='cuda:0')	0.0004	0.9695068052025937
47	tensor(0.1225, device='cuda:0')	0.0004	0.9721393090810385
48	tensor(0.1340, device='cuda:0')	0.0004	0.9700097297112074
49	tensor(0.1238, device='cuda:0')	0.0004	0.9716860350340013
50	tensor(0.1127, device='cuda:0')	0.0004	0.974443698314737
51	tensor(0.1073, device='cuda:0')	0.0004	0.9757143466877213
52	tensor(0.1064, device='cuda:0')	0.0004	0.9757165205694573
53	tensor(0.1035, device='cuda:0')	0.0004	0.9765689705817764
54	tensor(0.1091, device='cuda:0')	0.0004	0.9751366302201403
55	tensor(0.1087, device='cuda:0')	0.0004	0.9753389339890365
56	tensor(0.1067, device='cuda:0')	0.0004	0.9756603696487123
57	tensor(0.1067, device='cuda:0')	0.0004	0.9756956033192131
58	tensor(0.1122, device='cuda:0')	0.0004	0.9744995019748522
59	tensor(0.1117, device='cuda:0')	0.0004	0.9745316796975626
60	tensor(0.1048, device='cuda:0')	0.0004	0.9760419207143893
61	tensor(0.0995, device='cuda:0')	0.0004	0.9773288184722371
62	tensor(0.1011, device='cuda:0')	0.0004	0.9770041214851213
63	tensor(0.1062, device='cuda:0')	0.0004	0.9758015532050688
64	tensor(0.1049, device='cuda:0')	0.0004	0.9760373305144174
65	tensor(0.0958, device='cuda:0')	0.0004	0.9780786813156601
66	tensor(0.0959, device='cuda:0')	0.0004	0.9780780110455465
67	tensor(0.0904, device='cuda:0')	0.0004	0.9793548310413532
68	tensor(0.0876, device='cuda:0')	0.0004	0.9799346276784973
69	tensor(0.0957, device='cuda:0')	0.0004	0.9782548453232587
70	tensor(0.1039, device='cuda:0')	0.0004	0.9762680719965334
71	tensor(0.0975, device='cuda:0')	0.0004	0.9777047463782857
72	tensor(0.0873, device='cuda:0')	0.0004	0.9799536554785278
73	tensor(0.0878, device='cuda:0')	0.0004	0.979875476828434
74	tensor(0.0890, device='cuda:0')	0.0004	0.9797413416513123
75	tensor(0.0901, device='cuda:0')	0.0004	0.9793355892107768
76	tensor(0.0915, device='cuda:0')	0.0004	0.9790631865241011
77	tensor(0.0874, device='cuda:0')	0.0004	0.98003009202037
78	tensor(0.0797, device='cuda:0')	0.0004	0.9817385960130783
79	tensor(0.0798, device='cuda:0')	0.0004	0.9817188994361096
80	tensor(0.0789, device='cuda:0')	0.0004	0.9819298108714731
81	tensor(0.0822, device='cuda:0')	0.0004	0.9811450733624144
82	tensor(0.0838, device='cuda:0')	0.0004	0.9808881080883851
83	tensor(0.0883, device='cuda:0')	0.0004	0.9797238558503335
84	tensor(0.0904, device='cuda:0')	0.0004	0.9793204871620875
85	tensor(0.0875, device='cuda:0')	0.0004	0.9799473471662603
86	tensor(0.0842, device='cuda:0')	0.0004	0.9807470612300621
87	tensor(0.0831, device='cuda:0')	0.0004	0.9810317381023939
88	tensor(0.0799, device='cuda:0')	0.0004	0.9816099412086956
89	tensor(0.0756, device='cuda:0')	0.0004	0.9827022214858553
90	tensor(0.0769, device='cuda:0')	0.0004	0.9823179676719261
91	tensor(0.0786, device='cuda:0')	0.0004	0.981984199916003
92	tensor(0.0820, device='cuda:0')	0.0004	0.9811896209556255
93	tensor(0.0775, device='cuda:0')	0.0004	0.9822100997556883
94	tensor(0.0749, device='cuda:0')	0.0004	0.9827881585789843
95	tensor(0.0752, device='cuda:0')	0.0004	0.9827674082938442
96	tensor(0.0750, device='cuda:0')	0.0004	0.9827354866616179
97	tensor(0.0743, device='cuda:0')	0.0004	0.9829465455431378
98	tensor(0.0738, device='cuda:0')	0.0004	0.9830627285298386
99	tensor(0.0746, device='cuda:0')	0.0004	0.9828723971162135
100	tensor(0.0770, device='cuda:0')	0.0004	0.9823119375520376
101	tensor(0.0737, device='cuda:0')	0.0004	0.9831023411139622
102	tensor(0.0749, device='cuda:0')	0.0004	0.982809146860136
103	tensor(0.0729, device='cuda:0')	0.0004	0.9832317630055147
104	tensor(0.0703, device='cuda:0')	0.0004	0.9838473453208297
105	tensor(0.0725, device='cuda:0')	0.0004	0.983349145513417
106	tensor(0.0703, device='cuda:0')	0.0004	0.983832604038505
107	tensor(0.0720, device='cuda:0')	0.0004	0.9834555599351634
108	tensor(0.0723, device='cuda:0')	0.0004	0.983386036886889
109	tensor(0.0737, device='cuda:0')	0.0004	0.9830223820013708
110	tensor(0.0750, device='cuda:0')	0.0004	0.9827401729748825
111	tensor(0.0687, device='cuda:0')	0.0004	0.984202108113995
112	tensor(0.0675, device='cuda:0')	0.0004	0.9844891264101215
113	tensor(0.0665, device='cuda:0')	0.0004	0.9847051110356075
114	tensor(0.0660, device='cuda:0')	0.0004	0.9847967174374909
115	tensor(0.0660, device='cuda:0')	0.0004	0.984848608328156
116	tensor(0.0668, device='cuda:0')	0.0004	0.9845869973260732
117	tensor(0.0693, device='cuda:0')	0.0004	0.9841058186380262
118	tensor(0.0697, device='cuda:0')	0.0004	0.983936298747227
119	tensor(0.0700, device='cuda:0')	0.0004	0.983912623346037
120	tensor(0.0693, device='cuda:0')	0.0004	0.9840408250534819
121	tensor(0.0693, device='cuda:0')	0.0004	0.9840628487596305
122	tensor(0.0678, device='cuda:0')	0.0004	0.9843789660591367
123	tensor(0.0652, device='cuda:0')	0.0004	0.9850370027637684
124	tensor(0.0684, device='cuda:0')	0.0004	0.984223512344366
125	tensor(0.0690, device='cuda:0')	0.0004	0.9841417149935237
126	tensor(0.0682, device='cuda:0')	0.0004	0.9843036293693691
127	tensor(0.0672, device='cuda:0')	0.0004	0.9844844093782894
128	tensor(0.0662, device='cuda:0')	0.0004	0.9847691150074555
129	tensor(0.0632, device='cuda:0')	0.0004	0.985407121351754
130	tensor(0.0649, device='cuda:0')	0.0004	0.9851205464895391
131	tensor(0.0607, device='cuda:0')	0.0004	0.9859784705477562
132	tensor(0.0616, device='cuda:0')	0.0004	0.9857784823824488
133	tensor(0.0643, device='cuda:0')	0.0004	0.98518603929735
134	tensor(0.0628, device='cuda:0')	0.0004	0.9855136518534799
135	tensor(0.0642, device='cuda:0')	0.0004	0.985236853937492
136	tensor(0.0644, device='cuda:0')	0.0004	0.9851526103194067
137	tensor(0.0642, device='cuda:0')	0.0004	0.9851708138055679
138	tensor(0.0619, device='cuda:0')	0.0004	0.985736103568077
139	tensor(0.0611, device='cuda:0')	0.0004	0.9859189067315494
140	tensor(0.0609, device='cuda:0')	0.0004	0.9859520078564928
141	tensor(0.0597, device='cuda:0')	0.0004	0.9862413639133256
142	tensor(0.0605, device='cuda:0')	0.0004	0.9860458835349742
143	tensor(0.0589, device='cuda:0')	0.0004	0.9864093961120644
144	tensor(0.0600, device='cuda:0')	0.0004	0.98616356815833
145	tensor(0.0610, device='cuda:0')	0.0004	0.9859583447643822
146	tensor(0.0594, device='cuda:0')	0.0004	0.986277197400924
147	tensor(0.0614, device='cuda:0')	0.0004	0.9858327625598037
148	tensor(0.0603, device='cuda:0')	0.0004	0.986112449789915
149	tensor(0.0639, device='cuda:0')	0.0004	0.9853145184621799
150	tensor(0.0698, device='cuda:0')	0.0004	0.9838600976358325
151	tensor(0.0675, device='cuda:0')	0.0004	0.9844566963139239
152	tensor(0.0626, device='cuda:0')	0.0004	0.9855359497397453
153	tensor(0.0580, device='cuda:0')	0.0004	0.9866395752293078
154	tensor(0.0586, device='cuda:0')	0.0004	0.9865147046766114
155	tensor(0.0572, device='cuda:0')	0.0004	0.9868009645635376
156	tensor(0.0580, device='cuda:0')	0.0004	0.9866190496874828
157	tensor(0.0579, device='cuda:0')	0.0004	0.9866491883544886
158	tensor(0.0573, device='cuda:0')	0.0004	0.9867671285227467
159	tensor(0.0590, device='cuda:0')	0.0004	0.9864080985374191
160	tensor(0.0607, device='cuda:0')	0.0004	0.985969564361369
161	tensor(0.0574, device='cuda:0')	0.0004	0.9867314671475925
162	tensor(0.0593, device='cuda:0')	0.0004	0.9863306460061521
163	tensor(0.0574, device='cuda:0')	0.0004	0.9867670715711669
164	tensor(0.0568, device='cuda:0')	0.0004	0.9868852386091931
165	tensor(0.0587, device='cuda:0')	0.0004	0.9864868696386119
166	tensor(0.0573, device='cuda:0')	0.0004	0.9867839381032607
167	tensor(0.0606, device='cuda:0')	0.0004	0.9860216067189129
168	tensor(0.0596, device='cuda:0')	0.0004	0.9862416633648534
169	tensor(0.0585, device='cuda:0')	0.0004	0.9864785328710975
170	tensor(0.0575, device='cuda:0')	0.0004	0.9867446040314498
171	tensor(0.0563, device='cuda:0')	0.0004	0.9870075556085391
172	tensor(0.0554, device='cuda:0')	0.0004	0.9872138777981975
173	tensor(0.0552, device='cuda:0')	0.0004	0.9872575071843899
174	tensor(0.0554, device='cuda:0')	0.0004	0.9872229482941461
175	tensor(0.0545, device='cuda:0')	0.0004	0.9874090440091614
176	tensor(0.0546, device='cuda:0')	0.0004	0.987409561855556
177	tensor(0.0554, device='cuda:0')	0.0004	0.9872052896081707
178	tensor(0.0544, device='cuda:0')	0.0004	0.9874759179348173
179	tensor(0.0550, device='cuda:0')	0.0004	0.9872871699459709
180	tensor(0.0551, device='cuda:0')	0.0004	0.9872881173709607
181	tensor(0.0540, device='cuda:0')	0.0004	0.9875427524082822
182	tensor(0.0539, device='cuda:0')	0.0004	0.9875542548068571
183	tensor(0.0524, device='cuda:0')	0.0004	0.9879037277006172
184	tensor(0.0558, device='cuda:0')	0.0004	0.9871110097088033
185	tensor(0.0559, device='cuda:0')	0.0004	0.987091271551492
186	tensor(0.0569, device='cuda:0')	0.0004	0.9868677663257341
187	tensor(0.0552, device='cuda:0')	0.0004	0.9872414919936843
188	tensor(0.0540, device='cuda:0')	0.0004	0.9875608633987822
189	tensor(0.0545, device='cuda:0')	0.0004	0.9873976995693123
190	tensor(0.0538, device='cuda:0')	0.0004	0.987595272676471
191	tensor(0.0530, device='cuda:0')	0.0004	0.9877642792049491
192	tensor(0.0520, device='cuda:0')	0.0004	0.9879803421237859
193	tensor(0.0548, device='cuda:0')	0.0004	0.9873919950436103
194	tensor(0.0540, device='cuda:0')	0.0004	0.9875475899481363
195	tensor(0.0516, device='cuda:0')	0.0004	0.9880629689468649
196	tensor(0.0537, device='cuda:0')	0.0004	0.9876061933773126
197	tensor(0.0522, device='cuda:0')	0.0004	0.9879372579043971
198	tensor(0.0552, device='cuda:0')	0.0004	0.9872444765660898
199	tensor(0.0569, device='cuda:0')	0.0004	0.9868702971916666
200	tensor(0.0556, device='cuda:0')	0.0004	0.987151912619851
