epoch	loss	lr	cor
1	tensor(5.5552, device='cuda:0')	0.001	0.015677619625045082
2	tensor(4.6183, device='cuda:0')	0.001	0.03771556055035229
3	tensor(4.4269, device='cuda:0')	0.001	0.04201806144490342
4	tensor(4.2236, device='cuda:0')	0.001	0.06444840578906319
5	tensor(3.9221, device='cuda:0')	0.001	0.08861416269589291
6	tensor(3.6944, device='cuda:0')	0.001	0.10694794653896647
7	tensor(3.5963, device='cuda:0')	0.001	0.11124880324323878
8	tensor(3.5110, device='cuda:0')	0.001	0.12507673293756852
9	tensor(3.4335, device='cuda:0')	0.001	0.12438364897098907
10	tensor(3.3881, device='cuda:0')	0.001	0.1299187927609518
11	tensor(3.3279, device='cuda:0')	0.001	0.13310739086719664
12	tensor(3.2892, device='cuda:0')	0.001	0.13182196349306638
13	tensor(3.2507, device='cuda:0')	0.001	0.12822953347049265
14	tensor(3.2026, device='cuda:0')	0.001	0.14113763292906098
15	tensor(3.1711, device='cuda:0')	0.001	0.14315220359802172
16	tensor(3.1452, device='cuda:0')	0.001	0.1479505498917687
17	tensor(3.1210, device='cuda:0')	0.001	0.14731960316437612
18	tensor(3.0942, device='cuda:0')	0.001	0.15646595910462044
19	tensor(3.0727, device='cuda:0')	0.001	0.1574032926707221
20	tensor(3.0365, device='cuda:0')	0.001	0.15929857700595168
21	tensor(3.0524, device='cuda:0')	0.001	0.15418397814810803
22	tensor(2.9910, device='cuda:0')	0.001	0.1690420260956072
23	tensor(2.9912, device='cuda:0')	0.001	0.16500525587431825
24	tensor(2.9878, device='cuda:0')	0.001	0.16177294208950868
25	tensor(2.9681, device='cuda:0')	0.001	0.16159293043428405
26	tensor(2.9455, device='cuda:0')	0.001	0.16664992504773218
27	tensor(2.9370, device='cuda:0')	0.001	0.16838214295098283
28	tensor(2.9259, device='cuda:0')	0.001	0.16598931228389707
29	tensor(2.9200, device='cuda:0')	0.001	0.17191242134670137
30	tensor(2.8710, device='cuda:0')	0.001	0.18275263759161126
31	tensor(2.8666, device='cuda:0')	0.001	0.178736353848605
32	tensor(2.8721, device='cuda:0')	0.001	0.17765685459107597
33	tensor(2.8636, device='cuda:0')	0.001	0.17660135256635628
34	tensor(2.8270, device='cuda:0')	0.001	0.18562347874696347
35	tensor(2.8262, device='cuda:0')	0.001	0.18573776572426207
36	tensor(2.8217, device='cuda:0')	0.001	0.18099821469831542
37	tensor(2.7957, device='cuda:0')	0.001	0.19414438456451139
38	tensor(2.8170, device='cuda:0')	0.001	0.18440786134296927
39	tensor(2.7698, device='cuda:0')	0.001	0.1895356238652097
40	tensor(2.8209, device='cuda:0')	0.001	0.18112958105883448
41	tensor(2.7540, device='cuda:0')	0.001	0.1905062804650508
42	tensor(2.7540, device='cuda:0')	0.001	0.19591433210413167
43	tensor(2.7569, device='cuda:0')	0.001	0.1876952244282042
44	tensor(2.7235, device='cuda:0')	0.001	0.2049551634376388
45	tensor(2.7091, device='cuda:0')	0.001	0.19695789275464282
46	tensor(2.7195, device='cuda:0')	0.001	0.20282841557496523
47	tensor(2.7030, device='cuda:0')	0.001	0.19613468606802795
48	tensor(2.6928, device='cuda:0')	0.001	0.20739149908823704
49	tensor(2.6783, device='cuda:0')	0.001	0.2048355477843234
50	tensor(2.6735, device='cuda:0')	0.001	0.20680047912441996
51	tensor(2.6568, device='cuda:0')	0.001	0.21091483086854007
52	tensor(2.6779, device='cuda:0')	0.001	0.20656664644665587
53	tensor(2.6736, device='cuda:0')	0.001	0.20906728131761051
54	tensor(2.6521, device='cuda:0')	0.001	0.20577156556237222
55	tensor(2.6448, device='cuda:0')	0.001	0.21134722441391346
56	tensor(2.6257, device='cuda:0')	0.001	0.21378360730213253
57	tensor(2.6216, device='cuda:0')	0.001	0.21435811037257455
58	tensor(2.6095, device='cuda:0')	0.001	0.21929359557701092
59	tensor(2.6302, device='cuda:0')	0.001	0.21383491325391296
60	tensor(2.5972, device='cuda:0')	0.001	0.22087389298742852
61	tensor(2.5982, device='cuda:0')	0.001	0.2211013864233656
62	tensor(2.5549, device='cuda:0')	0.001	0.23085901508069795
63	tensor(2.6057, device='cuda:0')	0.001	0.2170848211918096
64	tensor(2.5811, device='cuda:0')	0.001	0.2229896535926337
65	tensor(2.5835, device='cuda:0')	0.001	0.22145874089059014
66	tensor(2.5856, device='cuda:0')	0.001	0.2192943135032336
67	tensor(2.5791, device='cuda:0')	0.001	0.22701251385863663
68	tensor(2.5689, device='cuda:0')	0.001	0.2225229482147755
69	tensor(2.5491, device='cuda:0')	0.001	0.22880126801429773
70	tensor(2.5348, device='cuda:0')	0.001	0.23342297922270447
71	tensor(2.5245, device='cuda:0')	0.001	0.2332580288034417
72	tensor(2.5423, device='cuda:0')	0.001	0.2324078474014047
73	tensor(2.5060, device='cuda:0')	0.001	0.24440971322009825
74	tensor(2.5359, device='cuda:0')	0.001	0.22964145200481223
75	tensor(2.5168, device='cuda:0')	0.001	0.23487552708851092
76	tensor(2.4984, device='cuda:0')	0.001	0.23829596492545302
77	tensor(2.5283, device='cuda:0')	0.001	0.2295242047092355
78	tensor(2.5112, device='cuda:0')	0.001	0.23182952446429667
79	tensor(2.4884, device='cuda:0')	0.001	0.23922740579542454
80	tensor(2.4885, device='cuda:0')	0.001	0.23929173200870665
81	tensor(2.4714, device='cuda:0')	0.001	0.24684717198870618
82	tensor(2.4874, device='cuda:0')	0.001	0.24108154103518784
83	tensor(2.4672, device='cuda:0')	0.001	0.24716890849025053
84	tensor(2.4763, device='cuda:0')	0.001	0.24074796523727568
85	tensor(2.4734, device='cuda:0')	0.001	0.24423706178825536
86	tensor(2.4640, device='cuda:0')	0.001	0.24863722166776267
87	tensor(2.4578, device='cuda:0')	0.001	0.24754401526359712
88	tensor(2.4448, device='cuda:0')	0.001	0.2509854330257039
89	tensor(2.4488, device='cuda:0')	0.001	0.24511380392092522
90	tensor(2.4547, device='cuda:0')	0.001	0.24546342352969094
91	tensor(2.4160, device='cuda:0')	0.001	0.2561430869292353
92	tensor(2.4402, device='cuda:0')	0.001	0.24908059091666054
93	tensor(2.4365, device='cuda:0')	0.001	0.2517346028624766
94	tensor(2.4038, device='cuda:0')	0.001	0.2593694362822624
95	tensor(2.4122, device='cuda:0')	0.001	0.2597307802912455
96	tensor(2.4139, device='cuda:0')	0.001	0.2539794788138446
97	tensor(2.3996, device='cuda:0')	0.001	0.2574431374135915
98	tensor(2.3932, device='cuda:0')	0.001	0.26377010943388995
99	tensor(2.3802, device='cuda:0')	0.001	0.26888694179709227
100	tensor(2.4002, device='cuda:0')	0.001	0.2591012337802549
101	tensor(2.3921, device='cuda:0')	0.001	0.2597266691039485
102	tensor(2.3813, device='cuda:0')	0.001	0.26693059728074103
103	tensor(2.3778, device='cuda:0')	0.001	0.2632279016855589
104	tensor(2.3572, device='cuda:0')	0.001	0.2744705347211888
105	tensor(2.3782, device='cuda:0')	0.001	0.2604636368188495
106	tensor(2.3686, device='cuda:0')	0.001	0.2679011655093801
107	tensor(2.3969, device='cuda:0')	0.001	0.25763598893210515
108	tensor(2.3526, device='cuda:0')	0.001	0.27259528458188875
109	tensor(2.3559, device='cuda:0')	0.001	0.26758286524861213
110	tensor(2.3310, device='cuda:0')	0.001	0.2798688803531494
111	tensor(2.3423, device='cuda:0')	0.001	0.2739229411204941
112	tensor(2.3376, device='cuda:0')	0.001	0.2758370334549478
113	tensor(2.3278, device='cuda:0')	0.001	0.2760135989971438
114	tensor(2.3324, device='cuda:0')	0.001	0.27338913385141256
115	tensor(2.3094, device='cuda:0')	0.001	0.2852812373070217
116	tensor(2.3227, device='cuda:0')	0.001	0.2803275197847124
117	tensor(2.3129, device='cuda:0')	0.001	0.27982289627573087
118	tensor(2.3087, device='cuda:0')	0.001	0.28170984252950904
119	tensor(2.3132, device='cuda:0')	0.001	0.2803323463681855
120	tensor(2.2744, device='cuda:0')	0.001	0.28852781934830674
121	tensor(2.3015, device='cuda:0')	0.001	0.28431551581536546
122	tensor(2.2979, device='cuda:0')	0.001	0.2861255923318391
123	tensor(2.2847, device='cuda:0')	0.001	0.2881846330748017
124	tensor(2.2956, device='cuda:0')	0.001	0.281423193562781
125	tensor(2.2625, device='cuda:0')	0.001	0.2926308174041265
126	tensor(2.2617, device='cuda:0')	0.001	0.2935447493962233
127	tensor(2.2546, device='cuda:0')	0.001	0.2992129296753908
128	tensor(2.2720, device='cuda:0')	0.001	0.2890668076830098
129	tensor(2.2740, device='cuda:0')	0.001	0.28684385765519516
130	tensor(2.2458, device='cuda:0')	0.001	0.29460107281409526
131	tensor(2.2585, device='cuda:0')	0.001	0.294258866905005
132	tensor(2.2777, device='cuda:0')	0.001	0.2864674410717735
133	tensor(2.2576, device='cuda:0')	0.001	0.29339041156516577
134	tensor(2.2507, device='cuda:0')	0.001	0.2965900213688443
135	tensor(2.2580, device='cuda:0')	0.001	0.2909217192350702
136	tensor(2.2195, device='cuda:0')	0.001	0.3072408671671766
137	tensor(2.2292, device='cuda:0')	0.001	0.30144630495411046
138	tensor(2.2240, device='cuda:0')	0.001	0.3018514747598405
139	tensor(2.2315, device='cuda:0')	0.001	0.30230800280808867
140	tensor(2.2137, device='cuda:0')	0.001	0.30188243319191765
141	tensor(2.2337, device='cuda:0')	0.001	0.3003544455610578
142	tensor(2.2105, device='cuda:0')	0.001	0.30597876913401145
143	tensor(2.2049, device='cuda:0')	0.001	0.3099883956268069
144	tensor(2.1950, device='cuda:0')	0.001	0.3120615865699458
145	tensor(2.2095, device='cuda:0')	0.001	0.30309063915917434
146	tensor(2.1911, device='cuda:0')	0.001	0.31131274412882043
147	tensor(2.1899, device='cuda:0')	0.001	0.31593475274340654
148	tensor(2.1782, device='cuda:0')	0.001	0.3140675749011023
149	tensor(2.1794, device='cuda:0')	0.001	0.31568870715212005
150	tensor(2.1996, device='cuda:0')	0.001	0.30640700472009047
151	tensor(2.1838, device='cuda:0')	0.001	0.3120324257403053
152	tensor(2.1718, device='cuda:0')	0.001	0.31517682732227476
153	tensor(2.1650, device='cuda:0')	0.001	0.31785963371755954
154	tensor(2.2073, device='cuda:0')	0.001	0.30283395343887
155	tensor(2.1976, device='cuda:0')	0.001	0.3006422851888638
156	tensor(2.1695, device='cuda:0')	0.001	0.32072158413273316
157	tensor(2.1614, device='cuda:0')	0.001	0.3162691740334795
158	tensor(2.1582, device='cuda:0')	0.001	0.31958390423629407
159	tensor(2.1400, device='cuda:0')	0.001	0.33003565976955124
160	tensor(2.1509, device='cuda:0')	0.001	0.32343752440643536
161	tensor(2.1510, device='cuda:0')	0.001	0.3226083360048062
162	tensor(2.1634, device='cuda:0')	0.001	0.31811703572512706
163	tensor(2.1529, device='cuda:0')	0.001	0.3208940673303172
164	tensor(2.1333, device='cuda:0')	0.001	0.3279652880767188
165	tensor(2.1184, device='cuda:0')	0.001	0.3330767996007465
166	tensor(2.1610, device='cuda:0')	0.001	0.3152262080744851
167	tensor(2.1047, device='cuda:0')	0.001	0.3369195698866899
168	tensor(2.1308, device='cuda:0')	0.001	0.32910194585484
169	tensor(2.1039, device='cuda:0')	0.001	0.3340448969278395
170	tensor(2.1308, device='cuda:0')	0.001	0.3288298241107869
171	tensor(2.1285, device='cuda:0')	0.001	0.3284863428909374
172	tensor(2.1433, device='cuda:0')	0.001	0.324251899345794
173	tensor(2.1185, device='cuda:0')	0.001	0.33485533784139754
174	tensor(2.0883, device='cuda:0')	0.001	0.3452060289223353
175	tensor(2.1149, device='cuda:0')	0.001	0.3335144716610993
176	tensor(2.1304, device='cuda:0')	0.001	0.3262475274180386
177	tensor(2.1070, device='cuda:0')	0.001	0.3372641093014838
178	tensor(2.1036, device='cuda:0')	0.001	0.33625992905822355
179	tensor(2.1097, device='cuda:0')	0.001	0.3363222897601958
180	tensor(2.0954, device='cuda:0')	0.001	0.3385463393962505
181	tensor(2.0855, device='cuda:0')	0.001	0.3436415841589436
182	tensor(2.0932, device='cuda:0')	0.001	0.3404256511656486
183	tensor(2.1036, device='cuda:0')	0.001	0.33549565486051686
184	tensor(2.0820, device='cuda:0')	0.001	0.34327345876060056
185	tensor(2.0725, device='cuda:0')	0.001	0.346737621391794
186	tensor(2.0765, device='cuda:0')	0.001	0.3448706641747037
187	tensor(2.0833, device='cuda:0')	0.001	0.343065082873127
188	tensor(2.0877, device='cuda:0')	0.001	0.34295701977360366
189	tensor(2.0615, device='cuda:0')	0.001	0.3508702399128872
190	tensor(2.0632, device='cuda:0')	0.001	0.351248182736619
191	tensor(2.0675, device='cuda:0')	0.001	0.3461869990804513
192	tensor(2.0814, device='cuda:0')	0.001	0.34334140679040737
193	tensor(2.0924, device='cuda:0')	0.001	0.34034252402943205
194	tensor(2.0500, device='cuda:0')	0.001	0.3572667862166763
195	tensor(2.0730, device='cuda:0')	0.001	0.34399241071333936
196	tensor(2.0370, device='cuda:0')	0.001	0.35936260526068475
197	tensor(2.0275, device='cuda:0')	0.001	0.3620502655746457
198	tensor(2.0382, device='cuda:0')	0.001	0.3607559236474092
199	tensor(2.0375, device='cuda:0')	0.001	0.36013728267843026
200	tensor(2.1646, device='cuda:0')	0.001	0.31607711705771846
