epoch	loss	lr	cor
1	tensor(5.2046, device='cuda:0')	0.001	0.005582586192687412
2	tensor(4.5610, device='cuda:0')	0.001	0.02937414114742396
3	tensor(4.3404, device='cuda:0')	0.001	0.034237510919512146
4	tensor(4.1175, device='cuda:0')	0.001	0.04918311267067104
5	tensor(3.7491, device='cuda:0')	0.001	0.08933948075606739
6	tensor(3.6163, device='cuda:0')	0.001	0.10030468726066746
7	tensor(3.4890, device='cuda:0')	0.001	0.11499143609512946
8	tensor(3.3436, device='cuda:0')	0.001	0.14424189762954717
9	tensor(3.2306, device='cuda:0')	0.001	0.1578733595498299
10	tensor(3.2234, device='cuda:0')	0.001	0.15214014661838351
11	tensor(3.1234, device='cuda:0')	0.001	0.1695753487060235
12	tensor(3.0828, device='cuda:0')	0.001	0.17149318288676613
13	tensor(3.0431, device='cuda:0')	0.001	0.18254900668582308
14	tensor(3.0012, device='cuda:0')	0.001	0.17544225679189673
15	tensor(2.9934, device='cuda:0')	0.001	0.17660044872662872
16	tensor(2.9593, device='cuda:0')	0.001	0.18133356000078418
17	tensor(2.9388, device='cuda:0')	0.001	0.17649141689330014
18	tensor(2.9155, device='cuda:0')	0.001	0.18497120476025733
19	tensor(2.8990, device='cuda:0')	0.001	0.18149169605610818
20	tensor(2.9006, device='cuda:0')	0.001	0.17503016043884248
21	tensor(2.8843, device='cuda:0')	0.001	0.18028047759468482
22	tensor(2.8570, device='cuda:0')	0.001	0.17806454251819664
23	tensor(2.8504, device='cuda:0')	0.001	0.18566786789171902
24	tensor(2.8292, device='cuda:0')	0.001	0.1826256224271941
25	tensor(2.8279, device='cuda:0')	0.001	0.18000701309369338
26	tensor(2.7741, device='cuda:0')	0.001	0.19027492206910757
27	tensor(2.7940, device='cuda:0')	0.001	0.18462585313833613
28	tensor(2.7671, device='cuda:0')	0.001	0.18736407330196872
29	tensor(2.7786, device='cuda:0')	0.001	0.18695602121143823
30	tensor(2.7621, device='cuda:0')	0.001	0.18504421992117306
31	tensor(2.7252, device='cuda:0')	0.001	0.19605850067688685
32	tensor(2.7112, device='cuda:0')	0.001	0.19665133959435518
33	tensor(2.7299, device='cuda:0')	0.001	0.18890867012657794
34	tensor(2.7190, device='cuda:0')	0.001	0.1854893026510199
35	tensor(2.6878, device='cuda:0')	0.001	0.2016639538114092
36	tensor(2.6868, device='cuda:0')	0.001	0.19834966775700752
37	tensor(2.6616, device='cuda:0')	0.001	0.20406082367183054
38	tensor(2.6513, device='cuda:0')	0.001	0.2041047681676987
39	tensor(2.6452, device='cuda:0')	0.001	0.20882014357354287
40	tensor(2.6651, device='cuda:0')	0.001	0.20272205566127874
41	tensor(2.6186, device='cuda:0')	0.001	0.2098102376268213
42	tensor(2.6074, device='cuda:0')	0.001	0.2172506873743165
43	tensor(2.6221, device='cuda:0')	0.001	0.20827685950979943
44	tensor(2.6368, device='cuda:0')	0.001	0.21014685996942303
45	tensor(2.5796, device='cuda:0')	0.001	0.21723904618235318
46	tensor(2.5935, device='cuda:0')	0.001	0.21802822982316308
47	tensor(2.5996, device='cuda:0')	0.001	0.2107447556269942
48	tensor(2.5459, device='cuda:0')	0.001	0.22652678518998534
49	tensor(2.5453, device='cuda:0')	0.001	0.22375651170426533
50	tensor(2.5489, device='cuda:0')	0.001	0.22585392417436695
51	tensor(2.5351, device='cuda:0')	0.001	0.2247830179838652
52	tensor(2.5292, device='cuda:0')	0.001	0.23067005515575728
53	tensor(2.4937, device='cuda:0')	0.001	0.23889595288317217
54	tensor(2.5132, device='cuda:0')	0.001	0.22946676294120696
55	tensor(2.4773, device='cuda:0')	0.001	0.24533590397350025
56	tensor(2.6789, device='cuda:0')	0.001	0.19921837409124227
57	tensor(2.4951, device='cuda:0')	0.001	0.24100972195006226
58	tensor(2.4702, device='cuda:0')	0.001	0.24029388819980702
59	tensor(2.4541, device='cuda:0')	0.001	0.24383899036463613
60	tensor(2.4426, device='cuda:0')	0.001	0.24855451871987405
61	tensor(2.4809, device='cuda:0')	0.001	0.23420442488430826
62	tensor(2.4424, device='cuda:0')	0.001	0.2482477447752681
63	tensor(2.4413, device='cuda:0')	0.001	0.24572111673785832
64	tensor(2.4377, device='cuda:0')	0.001	0.24604002553095172
65	tensor(2.4086, device='cuda:0')	0.001	0.2554525487476074
66	tensor(2.3968, device='cuda:0')	0.001	0.2581957352891761
67	tensor(2.4073, device='cuda:0')	0.001	0.25610907303506586
68	tensor(2.4209, device='cuda:0')	0.001	0.24793180119475064
69	tensor(2.4238, device='cuda:0')	0.001	0.25116407285748693
70	tensor(2.3648, device='cuda:0')	0.001	0.26408837296289767
71	tensor(2.3602, device='cuda:0')	0.001	0.2637392554570824
72	tensor(2.3903, device='cuda:0')	0.001	0.2578387722487789
73	tensor(2.3535, device='cuda:0')	0.001	0.26918993639686994
74	tensor(2.3680, device='cuda:0')	0.001	0.2683748905775225
75	tensor(2.3497, device='cuda:0')	0.001	0.2678455677237886
76	tensor(2.3596, device='cuda:0')	0.001	0.26682214891111267
77	tensor(2.3293, device='cuda:0')	0.001	0.2718999396086351
78	tensor(2.3484, device='cuda:0')	0.001	0.2695515705943904
79	tensor(2.3811, device='cuda:0')	0.001	0.25259126781158625
80	tensor(2.3731, device='cuda:0')	0.001	0.2671891199688436
81	tensor(2.3247, device='cuda:0')	0.001	0.2725370845455073
82	tensor(2.3137, device='cuda:0')	0.001	0.2747551723397884
83	tensor(2.3246, device='cuda:0')	0.001	0.2758484426144691
84	tensor(2.3086, device='cuda:0')	0.001	0.2792395721791426
85	tensor(2.2973, device='cuda:0')	0.001	0.2809138464803778
86	tensor(2.2902, device='cuda:0')	0.001	0.28769198239142957
87	tensor(2.2941, device='cuda:0')	0.001	0.2796319452926887
88	tensor(2.2670, device='cuda:0')	0.001	0.2932783925335961
89	tensor(2.2994, device='cuda:0')	0.001	0.2787651783833722
90	tensor(2.2885, device='cuda:0')	0.001	0.2777009257932807
91	tensor(2.2926, device='cuda:0')	0.001	0.27682505545974234
92	tensor(2.3135, device='cuda:0')	0.001	0.2741518867036862
93	tensor(2.2866, device='cuda:0')	0.001	0.2816065712585979
94	tensor(2.2843, device='cuda:0')	0.001	0.2831185247732941
95	tensor(2.2717, device='cuda:0')	0.001	0.28712694389659166
96	tensor(2.2473, device='cuda:0')	0.001	0.2974193086086427
97	tensor(2.2667, device='cuda:0')	0.001	0.2895970426487553
98	tensor(2.2741, device='cuda:0')	0.001	0.2812464382744664
99	tensor(2.2424, device='cuda:0')	0.001	0.2953982669802932
100	tensor(2.2549, device='cuda:0')	0.001	0.2897112101726987
101	tensor(2.2404, device='cuda:0')	0.001	0.2955567897796994
102	tensor(2.2401, device='cuda:0')	0.001	0.2934890273142316
103	tensor(2.2250, device='cuda:0')	0.001	0.30051566815474473
104	tensor(2.2206, device='cuda:0')	0.001	0.30439468909133516
105	tensor(2.2226, device='cuda:0')	0.001	0.2964861995935199
106	tensor(2.2124, device='cuda:0')	0.001	0.3021737974789313
107	tensor(2.2241, device='cuda:0')	0.001	0.3016801375307518
108	tensor(2.2054, device='cuda:0')	0.001	0.3029443799401469
109	tensor(2.2302, device='cuda:0')	0.001	0.296771721871707
110	tensor(2.2459, device='cuda:0')	0.001	0.2914408017113646
111	tensor(2.2363, device='cuda:0')	0.001	0.2948058017660496
112	tensor(2.2372, device='cuda:0')	0.001	0.29557868276717925
113	tensor(2.2334, device='cuda:0')	0.001	0.29452607833479066
114	tensor(2.1872, device='cuda:0')	0.001	0.30851545811319914
115	tensor(2.2031, device='cuda:0')	0.001	0.3015011463545775
116	tensor(2.2265, device='cuda:0')	0.001	0.29697982833980757
117	tensor(2.1874, device='cuda:0')	0.001	0.30933675679556394
118	tensor(2.2524, device='cuda:0')	0.001	0.2918840504833191
119	tensor(2.2157, device='cuda:0')	0.001	0.2936643692281564
120	tensor(2.2099, device='cuda:0')	0.001	0.3038877189315981
121	tensor(2.2017, device='cuda:0')	0.001	0.3019451258755657
122	tensor(2.1746, device='cuda:0')	0.001	0.314467764393055
123	tensor(2.1768, device='cuda:0')	0.001	0.3087504543744369
124	tensor(2.1648, device='cuda:0')	0.001	0.31240660354766603
125	tensor(2.1580, device='cuda:0')	0.001	0.31783933827362304
126	tensor(2.1765, device='cuda:0')	0.001	0.31330116464484653
127	tensor(2.1754, device='cuda:0')	0.001	0.3119609652467057
128	tensor(2.1416, device='cuda:0')	0.001	0.3226820110882723
129	tensor(2.1597, device='cuda:0')	0.001	0.3137114861284844
130	tensor(2.1649, device='cuda:0')	0.001	0.31415390136753396
131	tensor(2.1635, device='cuda:0')	0.001	0.3162550293970492
132	tensor(2.1535, device='cuda:0')	0.001	0.3153282932087032
133	tensor(2.1531, device='cuda:0')	0.001	0.31927561337358085
134	tensor(2.1448, device='cuda:0')	0.001	0.3203873487365739
135	tensor(2.1384, device='cuda:0')	0.001	0.32036397220782203
136	tensor(2.2163, device='cuda:0')	0.001	0.30538461930624006
137	tensor(2.1921, device='cuda:0')	0.001	0.30697857864175876
138	tensor(2.1347, device='cuda:0')	0.001	0.3237122453429856
139	tensor(2.1810, device='cuda:0')	0.001	0.3087968284384069
140	tensor(2.1358, device='cuda:0')	0.001	0.3257785396095352
141	tensor(2.1136, device='cuda:0')	0.001	0.33291971144036464
142	tensor(2.1313, device='cuda:0')	0.001	0.3269059718777798
143	tensor(2.1068, device='cuda:0')	0.001	0.3362591920873494
144	tensor(2.1040, device='cuda:0')	0.001	0.33895293088904177
145	tensor(2.1136, device='cuda:0')	0.001	0.32635493658612974
146	tensor(2.1391, device='cuda:0')	0.001	0.32421429616280356
147	tensor(2.1152, device='cuda:0')	0.001	0.33377850697986267
148	tensor(2.1107, device='cuda:0')	0.001	0.33187458584900903
149	tensor(2.1128, device='cuda:0')	0.001	0.3350185759566798
150	tensor(2.0976, device='cuda:0')	0.001	0.3365209308957119
151	tensor(2.0974, device='cuda:0')	0.001	0.3392000048292135
152	tensor(2.0860, device='cuda:0')	0.001	0.3393137780296428
153	tensor(2.0922, device='cuda:0')	0.001	0.3354150278837893
154	tensor(2.0836, device='cuda:0')	0.001	0.3432793524624496
155	tensor(2.0909, device='cuda:0')	0.001	0.3382961885219446
156	tensor(2.1172, device='cuda:0')	0.001	0.3333656200371069
157	tensor(2.0863, device='cuda:0')	0.001	0.33867873214366867
158	tensor(2.0926, device='cuda:0')	0.001	0.3407171286352983
159	tensor(2.0465, device='cuda:0')	0.001	0.3567403526327982
160	tensor(2.0854, device='cuda:0')	0.001	0.3414288935617401
161	tensor(2.0489, device='cuda:0')	0.001	0.35257902630794197
162	tensor(2.0730, device='cuda:0')	0.001	0.3482786157193783
163	tensor(2.0939, device='cuda:0')	0.001	0.33858635875936255
164	tensor(2.0672, device='cuda:0')	0.001	0.34743670249980413
165	tensor(2.0639, device='cuda:0')	0.001	0.3485953823527659
166	tensor(2.0691, device='cuda:0')	0.001	0.3446490583423186
167	tensor(2.0897, device='cuda:0')	0.001	0.34253116377850845
168	tensor(2.0564, device='cuda:0')	0.001	0.35004942071898004
169	tensor(2.0555, device='cuda:0')	0.001	0.34791368468234185
170	tensor(2.0524, device='cuda:0')	0.001	0.3485128486633938
171	tensor(2.0222, device='cuda:0')	0.001	0.3620934836844968
172	tensor(2.0205, device='cuda:0')	0.001	0.3608319705822339
173	tensor(2.0138, device='cuda:0')	0.001	0.3683773677013344
174	tensor(2.0529, device='cuda:0')	0.001	0.3495497420680648
175	tensor(2.0432, device='cuda:0')	0.001	0.35607720385179104
176	tensor(2.0289, device='cuda:0')	0.001	0.3583007586721439
177	tensor(2.0230, device='cuda:0')	0.001	0.3636924483437433
178	tensor(2.0198, device='cuda:0')	0.001	0.3653264174819114
179	tensor(2.0506, device='cuda:0')	0.001	0.35773158106363045
180	tensor(2.0307, device='cuda:0')	0.001	0.3588887371791817
181	tensor(2.0289, device='cuda:0')	0.001	0.3634022445698323
182	tensor(2.0142, device='cuda:0')	0.001	0.364772824152224
183	tensor(2.0458, device='cuda:0')	0.001	0.35474312564653715
184	tensor(2.0188, device='cuda:0')	0.001	0.36460820297916013
185	tensor(2.1233, device='cuda:0')	0.001	0.33432729838868974
186	tensor(2.0466, device='cuda:0')	0.001	0.355232330141118
187	tensor(2.0596, device='cuda:0')	0.001	0.35059630511443557
188	tensor(2.0311, device='cuda:0')	0.001	0.3617246627977525
189	tensor(2.0021, device='cuda:0')	0.001	0.3694290437450349
190	tensor(2.0052, device='cuda:0')	0.001	0.3679202015912485
191	tensor(2.0062, device='cuda:0')	0.001	0.36958853941392816
192	tensor(1.9779, device='cuda:0')	0.001	0.3779896292461883
193	tensor(1.9746, device='cuda:0')	0.001	0.3799220133218442
194	tensor(1.9964, device='cuda:0')	0.001	0.3791915813838392
195	tensor(1.9961, device='cuda:0')	0.001	0.36813826179773657
196	tensor(1.9711, device='cuda:0')	0.001	0.38008822077196014
197	tensor(1.9775, device='cuda:0')	0.001	0.3801681136873407
198	tensor(1.9597, device='cuda:0')	0.001	0.3842220144988042
199	tensor(2.0114, device='cuda:0')	0.001	0.3657574061564337
200	tensor(1.9599, device='cuda:0')	0.001	0.3823751313356417
