epoch	loss	lr	cor
1	tensor(2.6999, device='cuda:0')	0.0004	0.1999925681750869
2	tensor(1.8944, device='cuda:0')	0.0004	0.39627095687987507
3	tensor(1.2884, device='cuda:0')	0.0004	0.6361408406009901
4	tensor(0.9012, device='cuda:0')	0.0004	0.7768793013870521
5	tensor(0.6523, device='cuda:0')	0.0004	0.851719829324936
6	tensor(0.5058, device='cuda:0')	0.0004	0.8898561292100017
7	tensor(0.4249, device='cuda:0')	0.0004	0.9094184879658235
8	tensor(0.3658, device='cuda:0')	0.0004	0.9229577900431367
9	tensor(0.3208, device='cuda:0')	0.0004	0.9330666085859375
10	tensor(0.2832, device='cuda:0')	0.0004	0.9412189864855138
11	tensor(0.2630, device='cuda:0')	0.0004	0.945153200923323
12	tensor(0.2462, device='cuda:0')	0.0004	0.9485670999995656
13	tensor(0.2323, device='cuda:0')	0.0004	0.9517847659866764
14	tensor(0.2260, device='cuda:0')	0.0004	0.9527237609635857
15	tensor(0.2042, device='cuda:0')	0.0004	0.9574203828659807
16	tensor(0.1972, device='cuda:0')	0.0004	0.9587204937104046
17	tensor(0.1857, device='cuda:0')	0.0004	0.9608070201534378
18	tensor(0.1749, device='cuda:0')	0.0004	0.9629911968430206
19	tensor(0.1649, device='cuda:0')	0.0004	0.9651752466440855
20	tensor(0.1609, device='cuda:0')	0.0004	0.9660465180334948
21	tensor(0.1532, device='cuda:0')	0.0004	0.9673428077558958
22	tensor(0.1498, device='cuda:0')	0.0004	0.9681878557033703
23	tensor(0.1452, device='cuda:0')	0.0004	0.9691858795315516
24	tensor(0.1422, device='cuda:0')	0.0004	0.969456570474402
25	tensor(0.1391, device='cuda:0')	0.0004	0.9702497267092618
26	tensor(0.1429, device='cuda:0')	0.0004	0.969488658095842
27	tensor(0.1389, device='cuda:0')	0.0004	0.9701740896748197
28	tensor(0.1302, device='cuda:0')	0.0004	0.9721031091742697
29	tensor(0.1261, device='cuda:0')	0.0004	0.972731850573629
30	tensor(0.1239, device='cuda:0')	0.0004	0.9733910509460879
31	tensor(0.1267, device='cuda:0')	0.0004	0.9727204959043123
32	tensor(0.1268, device='cuda:0')	0.0004	0.9728015348923592
33	tensor(0.1192, device='cuda:0')	0.0004	0.9741709442563113
34	tensor(0.1140, device='cuda:0')	0.0004	0.975398538202826
35	tensor(0.1123, device='cuda:0')	0.0004	0.9756039009959862
36	tensor(0.1067, device='cuda:0')	0.0004	0.9768294980109918
37	tensor(0.1071, device='cuda:0')	0.0004	0.9766492145364288
38	tensor(0.1075, device='cuda:0')	0.0004	0.976601165858693
39	tensor(0.1105, device='cuda:0')	0.0004	0.975849894941987
40	tensor(0.1058, device='cuda:0')	0.0004	0.976905899597658
41	tensor(0.1032, device='cuda:0')	0.0004	0.9773341215995827
42	tensor(0.1032, device='cuda:0')	0.0004	0.9774307133547071
43	tensor(0.1034, device='cuda:0')	0.0004	0.9773163181608134
44	tensor(0.1029, device='cuda:0')	0.0004	0.9773986968502395
45	tensor(0.0996, device='cuda:0')	0.0004	0.9781278789480174
46	tensor(0.0962, device='cuda:0')	0.0004	0.9788863042988475
47	tensor(0.0947, device='cuda:0')	0.0004	0.9791183623896947
48	tensor(0.0942, device='cuda:0')	0.0004	0.979237106207646
49	tensor(0.0940, device='cuda:0')	0.0004	0.9791579107970741
50	tensor(0.0922, device='cuda:0')	0.0004	0.9796607897951872
51	tensor(0.0929, device='cuda:0')	0.0004	0.9794309428180658
52	tensor(0.0946, device='cuda:0')	0.0004	0.9790726126952034
53	tensor(0.0924, device='cuda:0')	0.0004	0.9794816822390728
54	tensor(0.0893, device='cuda:0')	0.0004	0.980135771753846
55	tensor(0.0895, device='cuda:0')	0.0004	0.9801602644947506
56	tensor(0.0873, device='cuda:0')	0.0004	0.9805936156372195
57	tensor(0.0885, device='cuda:0')	0.0004	0.9803336083121091
58	tensor(0.0867, device='cuda:0')	0.0004	0.9806700653255385
59	tensor(0.0843, device='cuda:0')	0.0004	0.9812021864304954
60	tensor(0.0848, device='cuda:0')	0.0004	0.9810832975522491
61	tensor(0.0838, device='cuda:0')	0.0004	0.9812561759406903
62	tensor(0.0837, device='cuda:0')	0.0004	0.9813006893710736
63	tensor(0.0807, device='cuda:0')	0.0004	0.9818630469439713
64	tensor(0.0791, device='cuda:0')	0.0004	0.9823179840243071
65	tensor(0.0789, device='cuda:0')	0.0004	0.9822342926212637
66	tensor(0.0806, device='cuda:0')	0.0004	0.9819613616269353
67	tensor(0.0797, device='cuda:0')	0.0004	0.98210905204058
68	tensor(0.0788, device='cuda:0')	0.0004	0.9822535689958012
69	tensor(0.0788, device='cuda:0')	0.0004	0.9823785496403914
70	tensor(0.0788, device='cuda:0')	0.0004	0.9822636578423651
71	tensor(0.0768, device='cuda:0')	0.0004	0.9827639739367497
72	tensor(0.0751, device='cuda:0')	0.0004	0.983013136560431
73	tensor(0.0758, device='cuda:0')	0.0004	0.9829207716015982
74	tensor(0.0769, device='cuda:0')	0.0004	0.9826702209407515
75	tensor(0.0790, device='cuda:0')	0.0004	0.9822528229690473
76	tensor(0.0782, device='cuda:0')	0.0004	0.9824300778240441
77	tensor(0.0760, device='cuda:0')	0.0004	0.9829051363393865
78	tensor(0.0758, device='cuda:0')	0.0004	0.9828876155723005
79	tensor(0.0753, device='cuda:0')	0.0004	0.9830167760199391
80	tensor(0.0739, device='cuda:0')	0.0004	0.9832924414683858
81	tensor(0.0734, device='cuda:0')	0.0004	0.9834612319880528
82	tensor(0.0729, device='cuda:0')	0.0004	0.9834669952131044
83	tensor(0.0725, device='cuda:0')	0.0004	0.9836441611801857
84	tensor(0.0702, device='cuda:0')	0.0004	0.9841081955478124
85	tensor(0.0687, device='cuda:0')	0.0004	0.9844207151669324
86	tensor(0.0686, device='cuda:0')	0.0004	0.9844740706501924
87	tensor(0.0699, device='cuda:0')	0.0004	0.9841644303758917
88	tensor(0.0713, device='cuda:0')	0.0004	0.9838250527116611
89	tensor(0.0680, device='cuda:0')	0.0004	0.9845061348718609
90	tensor(0.0676, device='cuda:0')	0.0004	0.9846495172438138
91	tensor(0.0677, device='cuda:0')	0.0004	0.9846361406915999
92	tensor(0.0669, device='cuda:0')	0.0004	0.9847512773794845
93	tensor(0.0663, device='cuda:0')	0.0004	0.9848866367515386
94	tensor(0.0670, device='cuda:0')	0.0004	0.9847284131065732
95	tensor(0.0673, device='cuda:0')	0.0004	0.984643507077035
96	tensor(0.0675, device='cuda:0')	0.0004	0.9846452583940484
97	tensor(0.0664, device='cuda:0')	0.0004	0.9848686610186612
98	tensor(0.0652, device='cuda:0')	0.0004	0.9851352582917464
99	tensor(0.0651, device='cuda:0')	0.0004	0.9851394023789988
100	tensor(0.0659, device='cuda:0')	0.0004	0.9849923798084457
101	tensor(0.0657, device='cuda:0')	0.0004	0.9850045180890431
102	tensor(0.0657, device='cuda:0')	0.0004	0.9850268091477137
103	tensor(0.0640, device='cuda:0')	0.0004	0.9853872108571118
104	tensor(0.0635, device='cuda:0')	0.0004	0.9854794505839782
105	tensor(0.0641, device='cuda:0')	0.0004	0.9853755512701453
106	tensor(0.0636, device='cuda:0')	0.0004	0.9854468170699631
107	tensor(0.0644, device='cuda:0')	0.0004	0.9852649584971906
108	tensor(0.0633, device='cuda:0')	0.0004	0.9855085429382587
109	tensor(0.0626, device='cuda:0')	0.0004	0.9856746433438689
110	tensor(0.0626, device='cuda:0')	0.0004	0.9856880139385402
111	tensor(0.0617, device='cuda:0')	0.0004	0.985852561144451
112	tensor(0.0612, device='cuda:0')	0.0004	0.9859521476311971
113	tensor(0.0612, device='cuda:0')	0.0004	0.9859976695164042
114	tensor(0.0625, device='cuda:0')	0.0004	0.9857089105915076
115	tensor(0.0636, device='cuda:0')	0.0004	0.9854665748981307
116	tensor(0.0636, device='cuda:0')	0.0004	0.9854073046379515
117	tensor(0.0634, device='cuda:0')	0.0004	0.9854818933760381
118	tensor(0.0619, device='cuda:0')	0.0004	0.9858049666933761
119	tensor(0.0601, device='cuda:0')	0.0004	0.9861904873104648
120	tensor(0.0594, device='cuda:0')	0.0004	0.9863338731001409
121	tensor(0.0587, device='cuda:0')	0.0004	0.9865016176847874
122	tensor(0.0582, device='cuda:0')	0.0004	0.9866421550599261
123	tensor(0.0574, device='cuda:0')	0.0004	0.9868064224257509
124	tensor(0.0581, device='cuda:0')	0.0004	0.9866443858110008
125	tensor(0.0581, device='cuda:0')	0.0004	0.9866233825102644
126	tensor(0.0592, device='cuda:0')	0.0004	0.9863798277296891
127	tensor(0.0587, device='cuda:0')	0.0004	0.9864907934919386
128	tensor(0.0580, device='cuda:0')	0.0004	0.9866519738426982
129	tensor(0.0585, device='cuda:0')	0.0004	0.9865486677394052
130	tensor(0.0585, device='cuda:0')	0.0004	0.9865264679513849
131	tensor(0.0587, device='cuda:0')	0.0004	0.9864835268346792
132	tensor(0.0588, device='cuda:0')	0.0004	0.9864534036921213
133	tensor(0.0575, device='cuda:0')	0.0004	0.9867757679965723
134	tensor(0.0569, device='cuda:0')	0.0004	0.9868769255076559
135	tensor(0.0566, device='cuda:0')	0.0004	0.9869496279479123
136	tensor(0.0560, device='cuda:0')	0.0004	0.9870654843426742
137	tensor(0.0561, device='cuda:0')	0.0004	0.9870494007154733
138	tensor(0.0567, device='cuda:0')	0.0004	0.9869250082131267
139	tensor(0.0568, device='cuda:0')	0.0004	0.9868790931489935
140	tensor(0.0562, device='cuda:0')	0.0004	0.987018867042909
141	tensor(0.0552, device='cuda:0')	0.0004	0.9872522412300527
142	tensor(0.0560, device='cuda:0')	0.0004	0.9870749187071444
143	tensor(0.0563, device='cuda:0')	0.0004	0.986995273013641
144	tensor(0.0567, device='cuda:0')	0.0004	0.9868992279278332
145	tensor(0.0565, device='cuda:0')	0.0004	0.9869643832040011
146	tensor(0.0564, device='cuda:0')	0.0004	0.9869794784672373
147	tensor(0.0553, device='cuda:0')	0.0004	0.9872112551170721
148	tensor(0.0547, device='cuda:0')	0.0004	0.9873541012450412
149	tensor(0.0540, device='cuda:0')	0.0004	0.9875122806235395
150	tensor(0.0537, device='cuda:0')	0.0004	0.987556605437692
151	tensor(0.0531, device='cuda:0')	0.0004	0.9876938558215627
152	tensor(0.0533, device='cuda:0')	0.0004	0.987670219672178
153	tensor(0.0530, device='cuda:0')	0.0004	0.9877018875175052
154	tensor(0.0527, device='cuda:0')	0.0004	0.9877873967364023
155	tensor(0.0532, device='cuda:0')	0.0004	0.987669060752646
156	tensor(0.0531, device='cuda:0')	0.0004	0.9876948777669894
157	tensor(0.0531, device='cuda:0')	0.0004	0.9876845282142971
158	tensor(0.0537, device='cuda:0')	0.0004	0.9875681718851362
159	tensor(0.0533, device='cuda:0')	0.0004	0.9876472628598895
160	tensor(0.0529, device='cuda:0')	0.0004	0.9877503099555905
161	tensor(0.0529, device='cuda:0')	0.0004	0.9877268629837694
162	tensor(0.0529, device='cuda:0')	0.0004	0.9877609299682172
163	tensor(0.0529, device='cuda:0')	0.0004	0.9877254966672272
164	tensor(0.0526, device='cuda:0')	0.0004	0.9878036114589746
165	tensor(0.0522, device='cuda:0')	0.0004	0.9878932518711594
166	tensor(0.0524, device='cuda:0')	0.0004	0.9878473185144858
167	tensor(0.0524, device='cuda:0')	0.0004	0.987842402870615
168	tensor(0.0519, device='cuda:0')	0.0004	0.9879656176337247
169	tensor(0.0517, device='cuda:0')	0.0004	0.9879905204709706
170	tensor(0.0515, device='cuda:0')	0.0004	0.9880600676221798
