epoch	loss	lr	cor
1	tensor(7.3824, device='cuda:0')	0.001	0.04183428737318799
2	tensor(5.5790, device='cuda:0')	0.001	0.05427222524500709
3	tensor(4.7067, device='cuda:0')	0.001	0.053169131582309244
4	tensor(4.3595, device='cuda:0')	0.001	0.059802730927864776
5	tensor(4.0051, device='cuda:0')	0.001	0.0921462792377502
6	tensor(3.8823, device='cuda:0')	0.001	0.10803628312884928
7	tensor(3.7737, device='cuda:0')	0.001	0.11438866356216908
8	tensor(3.6656, device='cuda:0')	0.001	0.11995551751910362
9	tensor(3.5016, device='cuda:0')	0.001	0.14632901048971614
10	tensor(3.4538, device='cuda:0')	0.001	0.14498562146664112
11	tensor(3.3431, device='cuda:0')	0.001	0.1664712819899293
12	tensor(3.2483, device='cuda:0')	0.001	0.17916734655955735
13	tensor(3.2562, device='cuda:0')	0.001	0.1782395111193983
14	tensor(3.2159, device='cuda:0')	0.001	0.18113822220902137
15	tensor(3.1148, device='cuda:0')	0.001	0.190171410234213
16	tensor(3.0961, device='cuda:0')	0.001	0.1995766915993261
17	tensor(3.0563, device='cuda:0')	0.001	0.19336842599655074
18	tensor(3.0000, device='cuda:0')	0.001	0.2089418307243113
19	tensor(2.9763, device='cuda:0')	0.001	0.21213567570185998
20	tensor(2.9366, device='cuda:0')	0.001	0.21237802084487933
21	tensor(2.9158, device='cuda:0')	0.001	0.2065018836631291
22	tensor(2.8506, device='cuda:0')	0.001	0.2257807200623395
23	tensor(2.8313, device='cuda:0')	0.001	0.22623783988324375
24	tensor(2.7998, device='cuda:0')	0.001	0.2331234435257604
25	tensor(2.7968, device='cuda:0')	0.001	0.23171299368158943
26	tensor(2.7854, device='cuda:0')	0.001	0.22926136475696068
27	tensor(2.7464, device='cuda:0')	0.001	0.2397432489391423
28	tensor(2.7127, device='cuda:0')	0.001	0.24466884647757012
29	tensor(2.7213, device='cuda:0')	0.001	0.23857584168257348
30	tensor(2.6714, device='cuda:0')	0.001	0.24845224685374528
31	tensor(2.6674, device='cuda:0')	0.001	0.2473354391186787
32	tensor(2.6573, device='cuda:0')	0.001	0.24474908221406083
33	tensor(2.5979, device='cuda:0')	0.001	0.2592821489018082
34	tensor(2.6050, device='cuda:0')	0.001	0.2592404434707061
35	tensor(2.5935, device='cuda:0')	0.001	0.25708253950094506
36	tensor(2.5660, device='cuda:0')	0.001	0.26890953212966345
37	tensor(2.5670, device='cuda:0')	0.001	0.26094752840752705
38	tensor(2.5285, device='cuda:0')	0.001	0.2680576694858773
39	tensor(2.5353, device='cuda:0')	0.001	0.26354509571833745
40	tensor(2.5346, device='cuda:0')	0.001	0.26773806669006744
41	tensor(2.5339, device='cuda:0')	0.001	0.2604677221614827
42	tensor(2.4812, device='cuda:0')	0.001	0.275571240522436
43	tensor(2.4915, device='cuda:0')	0.001	0.2731227286383944
44	tensor(2.4971, device='cuda:0')	0.001	0.27216809591158914
45	tensor(2.4693, device='cuda:0')	0.001	0.2669672817944885
46	tensor(2.4524, device='cuda:0')	0.001	0.277958928182
47	tensor(2.4353, device='cuda:0')	0.001	0.28275242493359154
48	tensor(2.4374, device='cuda:0')	0.001	0.2864188697570301
49	tensor(2.4454, device='cuda:0')	0.001	0.282929192467503
50	tensor(2.4217, device='cuda:0')	0.001	0.2816119580709343
51	tensor(2.4002, device='cuda:0')	0.001	0.28818514148147584
52	tensor(2.4144, device='cuda:0')	0.001	0.2865243444205065
53	tensor(2.3751, device='cuda:0')	0.001	0.2932780823969837
54	tensor(2.3948, device='cuda:0')	0.001	0.2926339232508209
55	tensor(2.3699, device='cuda:0')	0.001	0.2924738072654685
56	tensor(2.3385, device='cuda:0')	0.001	0.30393624703485433
57	tensor(2.3497, device='cuda:0')	0.001	0.30216158181685604
58	tensor(2.3392, device='cuda:0')	0.001	0.3026698886553537
59	tensor(2.3356, device='cuda:0')	0.001	0.3013450578020069
60	tensor(2.3132, device='cuda:0')	0.001	0.31038756766729764
61	tensor(2.3355, device='cuda:0')	0.001	0.30477575369882665
62	tensor(2.2994, device='cuda:0')	0.001	0.3114761588909673
63	tensor(2.2921, device='cuda:0')	0.001	0.31483623072370664
64	tensor(2.2967, device='cuda:0')	0.001	0.3142331256822956
65	tensor(2.2792, device='cuda:0')	0.001	0.320173464649604
66	tensor(2.2701, device='cuda:0')	0.001	0.3194120962508265
67	tensor(2.2728, device='cuda:0')	0.001	0.3192529978842037
68	tensor(2.2272, device='cuda:0')	0.001	0.3368760768599425
69	tensor(2.2393, device='cuda:0')	0.001	0.3299764784017619
70	tensor(2.2377, device='cuda:0')	0.001	0.3263115717622367
71	tensor(2.2432, device='cuda:0')	0.001	0.3236569150992559
72	tensor(2.2432, device='cuda:0')	0.001	0.3255022999049668
73	tensor(2.2120, device='cuda:0')	0.001	0.3346264582030086
74	tensor(2.2162, device='cuda:0')	0.001	0.3372141634634187
75	tensor(2.1934, device='cuda:0')	0.001	0.34004013880379613
76	tensor(2.2001, device='cuda:0')	0.001	0.33670934130548996
77	tensor(2.2116, device='cuda:0')	0.001	0.33681030146569174
78	tensor(2.1921, device='cuda:0')	0.001	0.33570110432752326
79	tensor(2.1769, device='cuda:0')	0.001	0.3424562723525327
80	tensor(2.1640, device='cuda:0')	0.001	0.34641246102017237
81	tensor(2.1573, device='cuda:0')	0.001	0.3483715043728517
82	tensor(2.1497, device='cuda:0')	0.001	0.3507742415266378
83	tensor(2.1551, device='cuda:0')	0.001	0.3489613798298345
84	tensor(2.1217, device='cuda:0')	0.001	0.3576453122188385
85	tensor(2.1250, device='cuda:0')	0.001	0.3599667339009894
86	tensor(2.1382, device='cuda:0')	0.001	0.3539949306720844
87	tensor(2.1180, device='cuda:0')	0.001	0.36049170057668334
88	tensor(2.1189, device='cuda:0')	0.001	0.35741716462645995
89	tensor(2.1114, device='cuda:0')	0.001	0.36292035016563323
90	tensor(2.1056, device='cuda:0')	0.001	0.3654859640264049
91	tensor(2.0951, device='cuda:0')	0.001	0.36818888537332195
92	tensor(2.0694, device='cuda:0')	0.001	0.37358196659341714
93	tensor(2.0794, device='cuda:0')	0.001	0.37140928396455575
94	tensor(2.0738, device='cuda:0')	0.001	0.3737974670114624
95	tensor(2.0687, device='cuda:0')	0.001	0.3764001604289769
96	tensor(2.0304, device='cuda:0')	0.001	0.3900374601488539
97	tensor(2.0557, device='cuda:0')	0.001	0.37701021344205615
98	tensor(2.0852, device='cuda:0')	0.001	0.3735987509464622
99	tensor(2.0495, device='cuda:0')	0.001	0.37836868605449403
100	tensor(2.0541, device='cuda:0')	0.001	0.38007402263126616
101	tensor(2.0574, device='cuda:0')	0.001	0.3768457788136569
102	tensor(2.0023, device='cuda:0')	0.001	0.3951961242431755
103	tensor(2.0231, device='cuda:0')	0.001	0.38836076286403287
104	tensor(2.0180, device='cuda:0')	0.001	0.3892556862426328
105	tensor(2.0002, device='cuda:0')	0.001	0.3961963714878152
106	tensor(2.0365, device='cuda:0')	0.001	0.38546482705289603
107	tensor(2.0124, device='cuda:0')	0.001	0.39188463128417955
108	tensor(2.0052, device='cuda:0')	0.001	0.3907427478272043
109	tensor(1.9793, device='cuda:0')	0.001	0.4042458112891409
110	tensor(1.9844, device='cuda:0')	0.001	0.39949735356433536
111	tensor(1.9816, device='cuda:0')	0.001	0.3998018342304231
112	tensor(1.9724, device='cuda:0')	0.001	0.4046466199069422
113	tensor(1.9596, device='cuda:0')	0.001	0.40682626585028203
114	tensor(1.9864, device='cuda:0')	0.001	0.40089463047437696
115	tensor(1.9697, device='cuda:0')	0.001	0.40593076089392727
116	tensor(1.9511, device='cuda:0')	0.001	0.41072358579403917
117	tensor(1.9550, device='cuda:0')	0.001	0.4113369934300297
118	tensor(1.9456, device='cuda:0')	0.001	0.4128178881551945
119	tensor(1.9435, device='cuda:0')	0.001	0.414734812127838
120	tensor(1.9359, device='cuda:0')	0.001	0.4154300607737332
121	tensor(1.9282, device='cuda:0')	0.001	0.41787073353734067
122	tensor(1.9263, device='cuda:0')	0.001	0.4195949081211365
123	tensor(1.9227, device='cuda:0')	0.001	0.4197356939992737
124	tensor(1.9207, device='cuda:0')	0.001	0.4200537084570825
125	tensor(1.9329, device='cuda:0')	0.001	0.4156370042581415
126	tensor(1.9097, device='cuda:0')	0.001	0.42090906370043246
127	tensor(1.9243, device='cuda:0')	0.001	0.41740678120329133
128	tensor(1.8999, device='cuda:0')	0.001	0.4275957162264089
129	tensor(1.8949, device='cuda:0')	0.001	0.42972306660317394
130	tensor(1.9224, device='cuda:0')	0.001	0.42152429586717266
131	tensor(1.9017, device='cuda:0')	0.001	0.4243461308152331
132	tensor(1.8700, device='cuda:0')	0.001	0.4358594452993697
133	tensor(1.8813, device='cuda:0')	0.001	0.4352484221030976
134	tensor(1.8871, device='cuda:0')	0.001	0.43121256532573315
135	tensor(1.8666, device='cuda:0')	0.001	0.43838417030908344
136	tensor(1.8532, device='cuda:0')	0.001	0.44396392388857114
137	tensor(1.8700, device='cuda:0')	0.001	0.43638745593852674
138	tensor(1.8584, device='cuda:0')	0.001	0.4401609692291263
139	tensor(1.8554, device='cuda:0')	0.001	0.44565869736813485
140	tensor(1.8440, device='cuda:0')	0.001	0.44523567113397566
141	tensor(1.8566, device='cuda:0')	0.001	0.44152746099286966
142	tensor(1.8373, device='cuda:0')	0.001	0.44976313401731216
143	tensor(1.8204, device='cuda:0')	0.001	0.45481514386004585
144	tensor(1.8477, device='cuda:0')	0.001	0.44533658990003383
145	tensor(1.8340, device='cuda:0')	0.001	0.4479815387652203
146	tensor(1.8350, device='cuda:0')	0.001	0.4491105193411806
147	tensor(1.8365, device='cuda:0')	0.001	0.44821633840955777
148	tensor(1.8180, device='cuda:0')	0.001	0.4543672910013095
149	tensor(1.8011, device='cuda:0')	0.001	0.4610375832913344
150	tensor(1.8188, device='cuda:0')	0.001	0.4554396608964028
151	tensor(1.8025, device='cuda:0')	0.001	0.4581393399100071
152	tensor(1.8076, device='cuda:0')	0.001	0.4583116791442599
153	tensor(1.7922, device='cuda:0')	0.001	0.46427122496876494
154	tensor(1.7859, device='cuda:0')	0.001	0.46805884956473254
155	tensor(1.7905, device='cuda:0')	0.001	0.46430363029526944
156	tensor(1.7835, device='cuda:0')	0.001	0.4652270215656728
157	tensor(1.8052, device='cuda:0')	0.001	0.45941544629762837
158	tensor(1.7832, device='cuda:0')	0.001	0.4663155136564625
159	tensor(1.7826, device='cuda:0')	0.001	0.46773635888495235
160	tensor(1.7726, device='cuda:0')	0.001	0.4706665069055863
161	tensor(1.7735, device='cuda:0')	0.001	0.47053462070098306
162	tensor(1.7701, device='cuda:0')	0.001	0.4707940561961849
163	tensor(1.7584, device='cuda:0')	0.001	0.4755119734869818
164	tensor(1.7514, device='cuda:0')	0.001	0.4768156221778085
165	tensor(1.7628, device='cuda:0')	0.001	0.47365514060312197
166	tensor(1.7540, device='cuda:0')	0.001	0.4769524068958984
167	tensor(1.7654, device='cuda:0')	0.001	0.47401264352558764
168	tensor(1.7458, device='cuda:0')	0.001	0.4782397254566043
169	tensor(1.7449, device='cuda:0')	0.001	0.48092625724242816
170	tensor(1.7327, device='cuda:0')	0.001	0.48481946875594034
171	tensor(1.7339, device='cuda:0')	0.001	0.48402163487575944
172	tensor(1.7370, device='cuda:0')	0.001	0.4837351383091832
173	tensor(1.7257, device='cuda:0')	0.001	0.4868437511148607
174	tensor(1.7565, device='cuda:0')	0.001	0.47608419367917504
175	tensor(1.7289, device='cuda:0')	0.001	0.48593388683472083
176	tensor(1.7194, device='cuda:0')	0.001	0.4903898531078567
177	tensor(1.7145, device='cuda:0')	0.001	0.48953677707615045
178	tensor(1.7192, device='cuda:0')	0.001	0.4887932641708189
179	tensor(1.7253, device='cuda:0')	0.001	0.4865014458994666
180	tensor(1.6844, device='cuda:0')	0.001	0.5032982470362076
181	tensor(1.7002, device='cuda:0')	0.001	0.4968707707954137
182	tensor(1.6968, device='cuda:0')	0.001	0.4976592640030117
183	tensor(1.6998, device='cuda:0')	0.001	0.4978257093215439
184	tensor(1.6999, device='cuda:0')	0.001	0.4970290568792928
185	tensor(1.6969, device='cuda:0')	0.001	0.4977013710131178
186	tensor(1.6744, device='cuda:0')	0.001	0.5059266614171968
187	tensor(1.6988, device='cuda:0')	0.001	0.49775590873860376
188	tensor(1.6708, device='cuda:0')	0.001	0.5049089205212196
189	tensor(1.6722, device='cuda:0')	0.001	0.5063835487017365
190	tensor(1.6932, device='cuda:0')	0.001	0.498613386198114
191	tensor(1.6645, device='cuda:0')	0.001	0.5080511544935501
192	tensor(1.6675, device='cuda:0')	0.001	0.5071812098091452
193	tensor(1.6651, device='cuda:0')	0.001	0.5093261353258398
194	tensor(1.6651, device='cuda:0')	0.001	0.5084778627299608
195	tensor(1.6561, device='cuda:0')	0.001	0.5134140470102737
196	tensor(1.6628, device='cuda:0')	0.001	0.5091356227283715
197	tensor(1.6660, device='cuda:0')	0.001	0.5083101084768051
198	tensor(1.6347, device='cuda:0')	0.001	0.520307092931173
199	tensor(1.6428, device='cuda:0')	0.001	0.5178700916485076
200	tensor(1.6534, device='cuda:0')	0.001	0.5132824033862271
