epoch	loss	lr	cor
1	tensor(5.3216, device='cuda:0')	0.001	0.004043935496405554
2	tensor(4.5980, device='cuda:0')	0.001	0.02176877060531163
3	tensor(4.4121, device='cuda:0')	0.001	0.023745766712472704
4	tensor(4.2433, device='cuda:0')	0.001	0.028830119276308647
5	tensor(4.0421, device='cuda:0')	0.001	0.03102656783016842
6	tensor(3.8322, device='cuda:0')	0.001	0.05388935144222534
7	tensor(3.6706, device='cuda:0')	0.001	0.08483457356631688
8	tensor(3.5756, device='cuda:0')	0.001	0.10031103286312314
9	tensor(3.5138, device='cuda:0')	0.001	0.10205158816255917
10	tensor(3.4544, device='cuda:0')	0.001	0.10925740594019534
11	tensor(3.3859, device='cuda:0')	0.001	0.11518916574255704
12	tensor(3.3534, device='cuda:0')	0.001	0.114899548760923
13	tensor(3.3194, device='cuda:0')	0.001	0.11353335486700261
14	tensor(3.2721, device='cuda:0')	0.001	0.12167779848099225
15	tensor(3.2383, device='cuda:0')	0.001	0.12569336294118436
16	tensor(3.2098, device='cuda:0')	0.001	0.12613089683163456
17	tensor(3.1868, device='cuda:0')	0.001	0.12536819372332725
18	tensor(3.1573, device='cuda:0')	0.001	0.13802651237781535
19	tensor(3.1664, device='cuda:0')	0.001	0.12920685282064776
20	tensor(3.0987, device='cuda:0')	0.001	0.14524809033276437
21	tensor(3.0932, device='cuda:0')	0.001	0.1397660919981919
22	tensor(3.0629, device='cuda:0')	0.001	0.14906881642929956
23	tensor(3.0725, device='cuda:0')	0.001	0.14967525267478332
24	tensor(3.0678, device='cuda:0')	0.001	0.14314718810990254
25	tensor(3.0214, device='cuda:0')	0.001	0.14926262242015967
26	tensor(3.0123, device='cuda:0')	0.001	0.1551409179622035
27	tensor(3.0170, device='cuda:0')	0.001	0.15947776658285737
28	tensor(2.9970, device='cuda:0')	0.001	0.1537741372822213
29	tensor(2.9664, device='cuda:0')	0.001	0.16244533176593876
30	tensor(2.9435, device='cuda:0')	0.001	0.1681429195718402
31	tensor(2.9192, device='cuda:0')	0.001	0.17253592307938842
32	tensor(2.9264, device='cuda:0')	0.001	0.16423501747600613
33	tensor(2.9080, device='cuda:0')	0.001	0.16571394434429723
34	tensor(2.8665, device='cuda:0')	0.001	0.17425301091670137
35	tensor(2.8586, device='cuda:0')	0.001	0.1807468399021442
36	tensor(2.8643, device='cuda:0')	0.001	0.1737242763401249
37	tensor(2.8407, device='cuda:0')	0.001	0.18985727383165568
38	tensor(2.8239, device='cuda:0')	0.001	0.18627359847563943
39	tensor(2.7823, device='cuda:0')	0.001	0.18994719525733086
40	tensor(2.8121, device='cuda:0')	0.001	0.19073434548008156
41	tensor(2.7723, device='cuda:0')	0.001	0.19345818680494953
42	tensor(2.7486, device='cuda:0')	0.001	0.19704451019246527
43	tensor(2.7225, device='cuda:0')	0.001	0.20636563163053095
44	tensor(2.7106, device='cuda:0')	0.001	0.2089264410374894
45	tensor(2.6761, device='cuda:0')	0.001	0.21318330825335352
46	tensor(2.7077, device='cuda:0')	0.001	0.2123287891483724
47	tensor(2.6827, device='cuda:0')	0.001	0.2111409581980796
48	tensor(2.6716, device='cuda:0')	0.001	0.21139007048901207
49	tensor(2.6382, device='cuda:0')	0.001	0.2233859055675379
50	tensor(2.6428, device='cuda:0')	0.001	0.21937223538440878
51	tensor(2.6298, device='cuda:0')	0.001	0.22364260183215479
52	tensor(2.6379, device='cuda:0')	0.001	0.21928728903967723
53	tensor(2.6302, device='cuda:0')	0.001	0.22313692010508593
54	tensor(2.5928, device='cuda:0')	0.001	0.22974421985341897
55	tensor(2.6066, device='cuda:0')	0.001	0.2300343498117915
56	tensor(2.5920, device='cuda:0')	0.001	0.23062695690493848
57	tensor(2.5748, device='cuda:0')	0.001	0.2369078364696917
58	tensor(2.5625, device='cuda:0')	0.001	0.23889422283620176
59	tensor(2.5660, device='cuda:0')	0.001	0.23839067316137766
60	tensor(2.5506, device='cuda:0')	0.001	0.24166985721129539
61	tensor(2.5756, device='cuda:0')	0.001	0.22843460796818515
62	tensor(2.5145, device='cuda:0')	0.001	0.25208765430727537
63	tensor(2.5281, device='cuda:0')	0.001	0.24568245666017022
64	tensor(2.5372, device='cuda:0')	0.001	0.23761051390199167
65	tensor(2.5173, device='cuda:0')	0.001	0.2484890564711428
66	tensor(2.4965, device='cuda:0')	0.001	0.2522600313743631
67	tensor(2.4951, device='cuda:0')	0.001	0.249676448634776
68	tensor(2.4753, device='cuda:0')	0.001	0.25277454862594284
69	tensor(2.4793, device='cuda:0')	0.001	0.253681723491118
70	tensor(2.4757, device='cuda:0')	0.001	0.2537471824806138
71	tensor(2.4428, device='cuda:0')	0.001	0.26423953980393433
72	tensor(2.4315, device='cuda:0')	0.001	0.2674772537264587
73	tensor(2.4353, device='cuda:0')	0.001	0.26637766252157746
74	tensor(2.4201, device='cuda:0')	0.001	0.2707559980854211
75	tensor(2.4249, device='cuda:0')	0.001	0.26031575579886357
76	tensor(2.4262, device='cuda:0')	0.001	0.26397089679956154
77	tensor(2.4028, device='cuda:0')	0.001	0.2669240093675786
78	tensor(2.3853, device='cuda:0')	0.001	0.27245060138675753
79	tensor(2.4065, device='cuda:0')	0.001	0.267099718436093
80	tensor(2.3800, device='cuda:0')	0.001	0.27420895128121103
81	tensor(2.3584, device='cuda:0')	0.001	0.2833446789107899
82	tensor(2.3703, device='cuda:0')	0.001	0.2750460506880319
83	tensor(2.3836, device='cuda:0')	0.001	0.27059059770593735
84	tensor(2.3625, device='cuda:0')	0.001	0.277967080241464
85	tensor(2.3604, device='cuda:0')	0.001	0.27577746914253753
86	tensor(2.3646, device='cuda:0')	0.001	0.2766264117818642
87	tensor(2.3463, device='cuda:0')	0.001	0.27852547167042124
88	tensor(2.3794, device='cuda:0')	0.001	0.2687842980915683
89	tensor(2.3468, device='cuda:0')	0.001	0.2772827405181149
90	tensor(2.3290, device='cuda:0')	0.001	0.2821408054625801
91	tensor(2.3257, device='cuda:0')	0.001	0.28517519339271796
92	tensor(2.3167, device='cuda:0')	0.001	0.2913711799944417
93	tensor(2.3285, device='cuda:0')	0.001	0.2835175543813887
94	tensor(2.3186, device='cuda:0')	0.001	0.2838332536725306
95	tensor(2.3230, device='cuda:0')	0.001	0.2832629258866588
96	tensor(2.3065, device='cuda:0')	0.001	0.2895543480404475
97	tensor(2.2873, device='cuda:0')	0.001	0.2963690273075172
98	tensor(2.2995, device='cuda:0')	0.001	0.28940827110718687
99	tensor(2.3008, device='cuda:0')	0.001	0.29166599738008986
100	tensor(2.2658, device='cuda:0')	0.001	0.3004913873107391
101	tensor(2.2687, device='cuda:0')	0.001	0.2997753911511177
102	tensor(2.2742, device='cuda:0')	0.001	0.29587566991578546
103	tensor(2.2510, device='cuda:0')	0.001	0.3023743698601912
104	tensor(2.2379, device='cuda:0')	0.001	0.310108382232765
105	tensor(2.2952, device='cuda:0')	0.001	0.2832661374464708
106	tensor(2.2480, device='cuda:0')	0.001	0.304862915724119
107	tensor(2.2382, device='cuda:0')	0.001	0.3074473265603596
108	tensor(2.2431, device='cuda:0')	0.001	0.3014254558450464
109	tensor(2.2430, device='cuda:0')	0.001	0.30585863094931803
110	tensor(2.2397, device='cuda:0')	0.001	0.3094532336493731
111	tensor(2.2534, device='cuda:0')	0.001	0.30334418969260957
112	tensor(2.2326, device='cuda:0')	0.001	0.3074047286727097
113	tensor(2.2409, device='cuda:0')	0.001	0.30659444816665293
114	tensor(2.2102, device='cuda:0')	0.001	0.3178330131326024
115	tensor(2.2297, device='cuda:0')	0.001	0.30852159260782425
116	tensor(2.2095, device='cuda:0')	0.001	0.31591604013465097
117	tensor(2.2001, device='cuda:0')	0.001	0.3169360498519511
118	tensor(2.2288, device='cuda:0')	0.001	0.3078563266268216
119	tensor(2.1978, device='cuda:0')	0.001	0.3187252084606744
120	tensor(2.1962, device='cuda:0')	0.001	0.3153117801557941
121	tensor(2.2038, device='cuda:0')	0.001	0.31821949727223525
122	tensor(2.1829, device='cuda:0')	0.001	0.3226620867746949
123	tensor(2.1893, device='cuda:0')	0.001	0.3181861646103532
124	tensor(2.1795, device='cuda:0')	0.001	0.32300814676076006
125	tensor(2.1971, device='cuda:0')	0.001	0.316798826518932
126	tensor(2.1731, device='cuda:0')	0.001	0.32331438008299707
127	tensor(2.1604, device='cuda:0')	0.001	0.3328279244646391
128	tensor(2.2009, device='cuda:0')	0.001	0.31348415089911424
129	tensor(2.1853, device='cuda:0')	0.001	0.31951081757137606
130	tensor(2.1846, device='cuda:0')	0.001	0.3170751391649961
131	tensor(2.1793, device='cuda:0')	0.001	0.32284998640279017
132	tensor(2.1829, device='cuda:0')	0.001	0.32002306328983776
133	tensor(2.1761, device='cuda:0')	0.001	0.3231070824159723
134	tensor(2.1366, device='cuda:0')	0.001	0.33516709568630154
135	tensor(2.1487, device='cuda:0')	0.001	0.3310758963740655
136	tensor(2.1332, device='cuda:0')	0.001	0.33533169943401686
137	tensor(2.1437, device='cuda:0')	0.001	0.32840361060086154
138	tensor(2.1426, device='cuda:0')	0.001	0.3324611155590327
139	tensor(2.1227, device='cuda:0')	0.001	0.3411532091480364
140	tensor(2.1515, device='cuda:0')	0.001	0.3281879399862911
141	tensor(2.1211, device='cuda:0')	0.001	0.3408043359313682
142	tensor(2.1444, device='cuda:0')	0.001	0.3281616943585777
143	tensor(2.1444, device='cuda:0')	0.001	0.3322655929475984
144	tensor(2.0982, device='cuda:0')	0.001	0.3494250529339474
145	tensor(2.1170, device='cuda:0')	0.001	0.33886476926164566
146	tensor(2.1412, device='cuda:0')	0.001	0.33155308147082324
147	tensor(2.1207, device='cuda:0')	0.001	0.33878235953652885
148	tensor(2.0977, device='cuda:0')	0.001	0.34670298940076477
149	tensor(2.0903, device='cuda:0')	0.001	0.3494222920979247
150	tensor(2.1054, device='cuda:0')	0.001	0.3455299984706354
151	tensor(2.1631, device='cuda:0')	0.001	0.3227982509003853
152	tensor(2.0830, device='cuda:0')	0.001	0.3535867499763815
153	tensor(2.0737, device='cuda:0')	0.001	0.35335094848492066
154	tensor(2.0987, device='cuda:0')	0.001	0.34906144397952865
155	tensor(2.0895, device='cuda:0')	0.001	0.34690021058711623
156	tensor(2.0846, device='cuda:0')	0.001	0.35238691662664456
157	tensor(2.0790, device='cuda:0')	0.001	0.3510038529014499
158	tensor(2.0732, device='cuda:0')	0.001	0.35675952415237877
159	tensor(2.0735, device='cuda:0')	0.001	0.35314895244970573
160	tensor(2.1114, device='cuda:0')	0.001	0.34150405143335344
161	tensor(2.0632, device='cuda:0')	0.001	0.3586498173006876
162	tensor(2.0601, device='cuda:0')	0.001	0.35640374094125293
163	tensor(2.0640, device='cuda:0')	0.001	0.35572832119974396
164	tensor(2.0659, device='cuda:0')	0.001	0.35619806698535844
165	tensor(2.0476, device='cuda:0')	0.001	0.36320617751312256
166	tensor(2.0668, device='cuda:0')	0.001	0.3559791406829986
167	tensor(2.0488, device='cuda:0')	0.001	0.36025492298807643
168	tensor(2.0730, device='cuda:0')	0.001	0.353133517135519
169	tensor(2.0612, device='cuda:0')	0.001	0.3590192348782687
170	tensor(2.0496, device='cuda:0')	0.001	0.36078427402840174
171	tensor(2.0704, device='cuda:0')	0.001	0.35441177106144145
172	tensor(2.0462, device='cuda:0')	0.001	0.3608115765112859
173	tensor(2.0759, device='cuda:0')	0.001	0.35256489305433675
174	tensor(2.0516, device='cuda:0')	0.001	0.3612033422518965
175	tensor(2.0485, device='cuda:0')	0.001	0.36200366651712396
176	tensor(2.0213, device='cuda:0')	0.001	0.3691362874882017
177	tensor(2.0284, device='cuda:0')	0.001	0.36657050609338776
178	tensor(2.0378, device='cuda:0')	0.001	0.366839521255922
179	tensor(2.0295, device='cuda:0')	0.001	0.36716350723600316
180	tensor(2.0343, device='cuda:0')	0.001	0.3663309834554299
181	tensor(2.0459, device='cuda:0')	0.001	0.3611491999625771
182	tensor(2.0301, device='cuda:0')	0.001	0.3664972658868185
183	tensor(2.0484, device='cuda:0')	0.001	0.3591371192446508
184	tensor(2.0215, device='cuda:0')	0.001	0.36904591599841097
185	tensor(2.0222, device='cuda:0')	0.001	0.36882498609619224
186	tensor(1.9880, device='cuda:0')	0.001	0.3821468561865675
187	tensor(2.0201, device='cuda:0')	0.001	0.3690847346604983
188	tensor(2.0201, device='cuda:0')	0.001	0.3720514445538455
189	tensor(2.0307, device='cuda:0')	0.001	0.36565608948590866
190	tensor(2.0209, device='cuda:0')	0.001	0.36877887768786594
191	tensor(2.0606, device='cuda:0')	0.001	0.3543723262207562
192	tensor(2.0083, device='cuda:0')	0.001	0.37479301514086155
193	tensor(2.0122, device='cuda:0')	0.001	0.3734062804307163
194	tensor(1.9776, device='cuda:0')	0.001	0.3852815160698906
195	tensor(1.9964, device='cuda:0')	0.001	0.3775781706243109
196	tensor(1.9709, device='cuda:0')	0.001	0.3879921223437406
197	tensor(2.0099, device='cuda:0')	0.001	0.3731802566130961
198	tensor(1.9683, device='cuda:0')	0.001	0.38913278765607856
199	tensor(1.9826, device='cuda:0')	0.001	0.3847948520081755
200	tensor(1.9901, device='cuda:0')	0.001	0.37807932425064006
