epoch	loss	lr	cor
1	tensor(2.1185, device='cuda:0')	0.001	0.10912928778022565
2	tensor(2.0915, device='cuda:0')	0.001	0.15760367025865044
3	tensor(2.0909, device='cuda:0')	0.001	0.16061456867635415
4	tensor(2.0762, device='cuda:0')	0.001	0.1778769611384983
5	tensor(2.0720, device='cuda:0')	0.001	0.18374229615573795
6	tensor(2.0660, device='cuda:0')	0.001	0.19067889068674332
7	tensor(2.0797, device='cuda:0')	0.001	0.1762792046642204
8	tensor(2.0734, device='cuda:0')	0.001	0.18148058473572604
9	tensor(2.0778, device='cuda:0')	0.001	0.1763018175646694
10	tensor(2.0723, device='cuda:0')	0.001	0.18379031138435314
11	tensor(2.0699, device='cuda:0')	0.001	0.18644639090878995
12	tensor(2.0731, device='cuda:0')	0.001	0.18228682749839353
13	tensor(2.0574, device='cuda:0')	0.001	0.201038988512241
14	tensor(2.0583, device='cuda:0')	0.001	0.1999380417358708
15	tensor(2.0666, device='cuda:0')	0.001	0.19058949248232876
16	tensor(2.0648, device='cuda:0')	0.001	0.1933011821460498
17	tensor(2.0604, device='cuda:0')	0.001	0.1974932382019448
18	tensor(2.0582, device='cuda:0')	0.001	0.20005231900782733
19	tensor(2.0624, device='cuda:0')	0.001	0.19699710804721957
20	tensor(2.0486, device='cuda:0')	0.001	0.21101559201030226
21	tensor(2.0484, device='cuda:0')	0.001	0.21144718062407766
22	tensor(2.0546, device='cuda:0')	0.001	0.20440187391248313
23	tensor(2.0522, device='cuda:0')	0.001	0.20751688588031364
24	tensor(2.0415, device='cuda:0')	0.001	0.21864311262896327
25	tensor(2.0460, device='cuda:0')	0.001	0.21428821881721632
26	tensor(2.0375, device='cuda:0')	0.001	0.22286420012796598
27	tensor(2.0347, device='cuda:0')	0.001	0.2257092822108093
28	tensor(2.0354, device='cuda:0')	0.001	0.22506887467864944
29	tensor(2.0502, device='cuda:0')	0.001	0.21030318668209602
30	tensor(2.0324, device='cuda:0')	0.001	0.22819608021495935
31	tensor(2.0323, device='cuda:0')	0.001	0.22822718053712152
32	tensor(2.0254, device='cuda:0')	0.001	0.23523334420785602
33	tensor(2.0298, device='cuda:0')	0.001	0.23108605819321124
34	tensor(2.0214, device='cuda:0')	0.001	0.23910827327118558
35	tensor(2.0301, device='cuda:0')	0.001	0.23062578106973833
36	tensor(2.0312, device='cuda:0')	0.001	0.23020886699951396
37	tensor(2.0275, device='cuda:0')	0.001	0.23308356079042056
38	tensor(2.0263, device='cuda:0')	0.001	0.23458399047954417
39	tensor(2.0209, device='cuda:0')	0.001	0.23968568751771097
40	tensor(2.0182, device='cuda:0')	0.001	0.2426179172614821
41	tensor(2.0182, device='cuda:0')	0.001	0.24223281655474707
42	tensor(2.0185, device='cuda:0')	0.001	0.2418978499547714
43	tensor(2.0156, device='cuda:0')	0.001	0.24515583634576618
44	tensor(2.0303, device='cuda:0')	0.001	0.2311765653219202
45	tensor(2.0113, device='cuda:0')	0.001	0.2487646675190285
46	tensor(2.0167, device='cuda:0')	0.001	0.24421387809966
47	tensor(2.0232, device='cuda:0')	0.001	0.23798218461798143
48	tensor(2.0143, device='cuda:0')	0.001	0.24610248197667375
49	tensor(2.0149, device='cuda:0')	0.001	0.24533196529369194
50	tensor(2.0055, device='cuda:0')	0.001	0.2541197802944129
51	tensor(2.0093, device='cuda:0')	0.001	0.2507471153508746
52	tensor(2.0128, device='cuda:0')	0.001	0.2476467940044331
53	tensor(2.0051, device='cuda:0')	0.001	0.2546425052921326
54	tensor(2.0040, device='cuda:0')	0.001	0.2555515156556479
55	tensor(2.0093, device='cuda:0')	0.001	0.2507065647355918
56	tensor(2.0079, device='cuda:0')	0.001	0.25191731535678785
57	tensor(1.9970, device='cuda:0')	0.001	0.2622603787296432
58	tensor(2.0024, device='cuda:0')	0.001	0.2576672418590053
59	tensor(1.9954, device='cuda:0')	0.001	0.2634734619475173
60	tensor(1.9972, device='cuda:0')	0.001	0.26174308827224624
61	tensor(2.0037, device='cuda:0')	0.001	0.2559250961636536
62	tensor(1.9922, device='cuda:0')	0.001	0.26604240736055
63	tensor(1.9940, device='cuda:0')	0.001	0.26465004095419853
64	tensor(1.9894, device='cuda:0')	0.001	0.2684830039513829
65	tensor(1.9918, device='cuda:0')	0.001	0.26676277393984194
66	tensor(1.9821, device='cuda:0')	0.001	0.2748312502940275
67	tensor(1.9815, device='cuda:0')	0.001	0.2752932474286276
68	tensor(1.9874, device='cuda:0')	0.001	0.2706257373894868
69	tensor(1.9846, device='cuda:0')	0.001	0.2729945549473895
70	tensor(1.9875, device='cuda:0')	0.001	0.2714217427866294
71	tensor(1.9704, device='cuda:0')	0.001	0.28451439466614914
72	tensor(1.9812, device='cuda:0')	0.001	0.27556411603442493
73	tensor(1.9736, device='cuda:0')	0.001	0.28202852349081314
74	tensor(1.9624, device='cuda:0')	0.001	0.2909974245499801
75	tensor(1.9726, device='cuda:0')	0.001	0.28299074460568235
76	tensor(1.9639, device='cuda:0')	0.001	0.2899376046299873
77	tensor(1.9649, device='cuda:0')	0.001	0.2890110931778241
78	tensor(1.9659, device='cuda:0')	0.001	0.2882320991570961
79	tensor(1.9620, device='cuda:0')	0.001	0.29151165213859004
80	tensor(1.9648, device='cuda:0')	0.001	0.28908435154524637
81	tensor(1.9618, device='cuda:0')	0.001	0.29186900584138364
82	tensor(1.9655, device='cuda:0')	0.001	0.28869287372914454
83	tensor(1.9621, device='cuda:0')	0.001	0.29129346571584996
84	tensor(1.9614, device='cuda:0')	0.001	0.2918319901126036
85	tensor(1.9556, device='cuda:0')	0.001	0.2964533924655666
86	tensor(1.9640, device='cuda:0')	0.001	0.2899955115832976
87	tensor(1.9531, device='cuda:0')	0.001	0.2984157650023558
88	tensor(1.9632, device='cuda:0')	0.001	0.29091476086475515
89	tensor(1.9564, device='cuda:0')	0.001	0.2958219671171431
90	tensor(1.9531, device='cuda:0')	0.001	0.298399716866965
91	tensor(1.9528, device='cuda:0')	0.001	0.29867668315418067
92	tensor(1.9469, device='cuda:0')	0.001	0.3034192008922692
93	tensor(1.9499, device='cuda:0')	0.001	0.30098277872414564
94	tensor(1.9610, device='cuda:0')	0.001	0.2924301097216311
95	tensor(1.9456, device='cuda:0')	0.001	0.30420281333423094
96	tensor(1.9531, device='cuda:0')	0.001	0.2985444667237528
97	tensor(1.9572, device='cuda:0')	0.001	0.29514536014511294
98	tensor(1.9558, device='cuda:0')	0.001	0.29625419197797453
99	tensor(1.9500, device='cuda:0')	0.001	0.3009778686913464
100	tensor(1.9513, device='cuda:0')	0.001	0.2997718957463381
101	tensor(1.9514, device='cuda:0')	0.001	0.29967910824213256
102	tensor(1.9494, device='cuda:0')	0.001	0.3012662951166392
103	tensor(1.9461, device='cuda:0')	0.001	0.30386995786498333
104	tensor(1.9434, device='cuda:0')	0.001	0.3058786810013608
105	tensor(1.9522, device='cuda:0')	0.001	0.2991492885556814
106	tensor(1.9483, device='cuda:0')	0.001	0.3022772153378148
107	tensor(1.9456, device='cuda:0')	0.001	0.304251627502121
108	tensor(1.9611, device='cuda:0')	0.001	0.2926359794190266
109	tensor(1.9454, device='cuda:0')	0.001	0.3045777811427109
110	tensor(1.9415, device='cuda:0')	0.001	0.30733039129428485
111	tensor(1.9432, device='cuda:0')	0.001	0.3061969877556595
112	tensor(1.9432, device='cuda:0')	0.001	0.3061122462708734
113	tensor(1.9419, device='cuda:0')	0.001	0.3070946266636556
114	tensor(1.9501, device='cuda:0')	0.001	0.3007573529479933
115	tensor(1.9468, device='cuda:0')	0.001	0.3035376061216343
116	tensor(1.9424, device='cuda:0')	0.001	0.3065774452131402
117	tensor(1.9424, device='cuda:0')	0.001	0.3066880204346291
118	tensor(1.9436, device='cuda:0')	0.001	0.30600880147673176
119	tensor(1.9447, device='cuda:0')	0.001	0.30490087088607304
120	tensor(1.9386, device='cuda:0')	0.001	0.3095538643491533
121	tensor(1.9400, device='cuda:0')	0.001	0.3085436050891006
122	tensor(1.9426, device='cuda:0')	0.001	0.30681776342677397
123	tensor(1.9465, device='cuda:0')	0.001	0.30351854362920666
124	tensor(1.9361, device='cuda:0')	0.001	0.3114392690027726
125	tensor(1.9361, device='cuda:0')	0.001	0.3114284425474376
126	tensor(1.9393, device='cuda:0')	0.001	0.30895338097099045
127	tensor(1.9396, device='cuda:0')	0.001	0.3087094048319997
128	tensor(1.9385, device='cuda:0')	0.001	0.30957390420359543
129	tensor(1.9366, device='cuda:0')	0.001	0.31105119306290524
130	tensor(1.9400, device='cuda:0')	0.001	0.30857656228270247
131	tensor(1.9365, device='cuda:0')	0.001	0.3111485469281591
132	tensor(1.9361, device='cuda:0')	0.001	0.31141523674985055
133	tensor(1.9329, device='cuda:0')	0.001	0.31388669074485187
134	tensor(1.9305, device='cuda:0')	0.001	0.31560682861984846
135	tensor(1.9475, device='cuda:0')	0.001	0.303339612294406
136	tensor(1.9374, device='cuda:0')	0.001	0.31060886533844917
