1	tensor(0.0905, device='cuda:0')	0.001	0.29624631498839293
2	tensor(0.0504, device='cuda:0')	0.001	0.6439055994346458
3	tensor(0.0323, device='cuda:0')	0.001	0.7980849790486662
4	tensor(0.0228, device='cuda:0')	0.001	0.8669430216309971
5	tensor(0.0177, device='cuda:0')	0.001	0.8991775053030666
6	tensor(0.0144, device='cuda:0')	0.001	0.9192340669977556
7	tensor(0.0126, device='cuda:0')	0.001	0.9298075405612174
8	tensor(0.0110, device='cuda:0')	0.001	0.9386913009488117
9	tensor(0.0099, device='cuda:0')	0.001	0.9450636377691487
10	tensor(0.0091, device='cuda:0')	0.001	0.9495561132671976
11	tensor(0.0083, device='cuda:0')	0.001	0.9532538804411905
12	tensor(0.0078, device='cuda:0')	0.001	0.9563499043569977
13	tensor(0.0073, device='cuda:0')	0.001	0.9589195241039979
14	tensor(0.0071, device='cuda:0')	0.001	0.9603248450322172
15	tensor(0.0068, device='cuda:0')	0.001	0.9615181356934093
16	tensor(0.0063, device='cuda:0')	0.001	0.9640804618855574
17	tensor(0.0061, device='cuda:0')	0.001	0.9654577633510305
18	tensor(0.0058, device='cuda:0')	0.001	0.9667824626910831
19	tensor(0.0055, device='cuda:0')	0.001	0.968935728279795
20	tensor(0.0053, device='cuda:0')	0.001	0.969801558404572
21	tensor(0.0053, device='cuda:0')	0.001	0.9700307336008338
22	tensor(0.0045, device='cuda:0')	0.0001	0.9740744287063255
23	tensor(0.0038, device='cuda:0')	0.0001	0.9779978563177569
24	tensor(0.0034, device='cuda:0')	0.0001	0.9802556402171888
25	tensor(0.0032, device='cuda:0')	0.0001	0.9818280196453494
26	tensor(0.0030, device='cuda:0')	0.0001	0.9828436746317226
27	tensor(0.0029, device='cuda:0')	0.0001	0.9835705555281328
28	tensor(0.0028, device='cuda:0')	0.0001	0.9840536768050292
29	tensor(0.0027, device='cuda:0')	0.0001	0.9844384414744044
30	tensor(0.0027, device='cuda:0')	0.0001	0.9846837688462822
31	tensor(0.0026, device='cuda:0')	0.0001	0.98491786563038
32	tensor(0.0026, device='cuda:0')	0.0001	0.985113734324626
33	tensor(0.0025, device='cuda:0')	1e-05	0.9855563784072254
34	tensor(0.0025, device='cuda:0')	1e-05	0.9856198780011205
35	tensor(0.0025, device='cuda:0')	1e-05	0.9856911376632089
36	tensor(0.0025, device='cuda:0')	1e-05	0.9857367478552097
37	tensor(0.0025, device='cuda:0')	1e-05	0.985780052595116
38	tensor(0.0025, device='cuda:0')	1e-05	0.9858211658978389
39	tensor(0.0024, device='cuda:0')	1e-05	0.9858498453807217
40	tensor(0.0024, device='cuda:0')	1e-05	0.9858886009637369
41	tensor(0.0024, device='cuda:0')	1e-05	0.9858996802542442
42	tensor(0.0024, device='cuda:0')	1e-05	0.9859293159915857
43	tensor(0.0024, device='cuda:0')	1e-05	0.9859537842701197
44	tensor(0.0024, device='cuda:0')	1.0000000000000002e-06	0.9860071540105155
45	tensor(0.0024, device='cuda:0')	1.0000000000000002e-06	0.9860100667793563
46	tensor(0.0024, device='cuda:0')	1.0000000000000002e-06	0.9860150162505773
47	tensor(0.0024, device='cuda:0')	1.0000000000000002e-06	0.9860168617599747
48	tensor(0.0024, device='cuda:0')	1.0000000000000002e-06	0.9860213272750213
49	tensor(0.0024, device='cuda:0')	1.0000000000000002e-06	0.9860253819812269
50	tensor(0.0024, device='cuda:0')	1.0000000000000002e-06	0.9860268302441277
51	tensor(0.0024, device='cuda:0')	1.0000000000000002e-06	0.9860303052488236
52	tensor(0.0024, device='cuda:0')	1.0000000000000002e-06	0.9860307177745701
53	tensor(0.0024, device='cuda:0')	1.0000000000000002e-06	0.9860331481341157
54	tensor(0.0024, device='cuda:0')	1.0000000000000002e-06	0.9860353492329711
55	tensor(0.0024, device='cuda:0')	1.0000000000000002e-07	0.9860415236515873
56	tensor(0.0024, device='cuda:0')	1.0000000000000002e-07	0.9860420484798557
57	tensor(0.0024, device='cuda:0')	1.0000000000000002e-07	0.9860424115904063
58	tensor(0.0024, device='cuda:0')	1.0000000000000002e-07	0.9860426183594272
59	tensor(0.0024, device='cuda:0')	1.0000000000000002e-07	0.9860430019065844
60	tensor(0.0024, device='cuda:0')	1.0000000000000002e-07	0.9860433746018437
61	tensor(0.0024, device='cuda:0')	1.0000000000000002e-07	0.9860436097509736
62	tensor(0.0024, device='cuda:0')	1.0000000000000002e-07	0.9860439214229908
63	tensor(0.0024, device='cuda:0')	1.0000000000000002e-07	0.9860441217355116
64	tensor(0.0024, device='cuda:0')	1.0000000000000002e-07	0.9860442770359337
65	tensor(0.0024, device='cuda:0')	1.0000000000000002e-07	0.9860446691026912
66	tensor(0.0024, device='cuda:0')	1.0000000000000004e-08	0.9860452400992983
67	tensor(0.0024, device='cuda:0')	1.0000000000000004e-08	0.9860452779048409
68	tensor(0.0024, device='cuda:0')	1.0000000000000004e-08	0.9860453253761879
69	tensor(0.0024, device='cuda:0')	1.0000000000000004e-08	0.9860453531197644
70	tensor(0.0024, device='cuda:0')	1.0000000000000004e-08	0.9860453848351775
71	tensor(0.0024, device='cuda:0')	1.0000000000000004e-08	0.9860454137754564
72	tensor(0.0024, device='cuda:0')	1.0000000000000004e-08	0.9860454300725401
73	tensor(0.0024, device='cuda:0')	1.0000000000000004e-08	0.9860454586785412
74	tensor(0.0024, device='cuda:0')	1.0000000000000004e-08	0.9860454876848656
75	tensor(0.0024, device='cuda:0')	1.0000000000000004e-08	0.9860454968797071
76	tensor(0.0024, device='cuda:0')	1.0000000000000004e-08	0.9860455435493392
77	tensor(0.0024, device='cuda:0')	1.0000000000000004e-08	0.9860455633574899
78	tensor(0.0024, device='cuda:0')	1.0000000000000004e-08	0.9860455999637249
79	tensor(0.0024, device='cuda:0')	1.0000000000000004e-08	0.9860456101337219
80	tensor(0.0024, device='cuda:0')	1.0000000000000004e-08	0.986045624059354
81	tensor(0.0024, device='cuda:0')	1.0000000000000004e-08	0.9860456638688883
82	tensor(0.0024, device='cuda:0')	1.0000000000000004e-08	0.9860456711357466
83	tensor(0.0024, device='cuda:0')	1.0000000000000004e-08	0.9860456986113152
84	tensor(0.0024, device='cuda:0')	1.0000000000000004e-08	0.9860457245334276
85	tensor(0.0024, device='cuda:0')	1.0000000000000004e-08	0.9860457412585115
86	tensor(0.0024, device='cuda:0')	1.0000000000000004e-08	0.9860457776655239
87	tensor(0.0024, device='cuda:0')	1.0000000000000004e-08	0.9860458016755276
88	tensor(0.0024, device='cuda:0')	1.0000000000000004e-08	0.9860458148897164
89	tensor(0.0024, device='cuda:0')	1.0000000000000004e-08	0.9860458383750194
90	tensor(0.0024, device='cuda:0')	1.0000000000000004e-08	0.9860458600864913
91	tensor(0.0024, device='cuda:0')	1.0000000000000004e-08	0.9860458891558448
92	tensor(0.0024, device='cuda:0')	1.0000000000000004e-08	0.9860458997567829
93	tensor(0.0024, device='cuda:0')	1.0000000000000004e-08	0.986045928320263
94	tensor(0.0024, device='cuda:0')	1.0000000000000004e-08	0.986045946468132
95	tensor(0.0024, device='cuda:0')	1.0000000000000004e-08	0.9860459709765219
96	tensor(0.0024, device='cuda:0')	1.0000000000000004e-08	0.9860459907656476
97	tensor(0.0024, device='cuda:0')	1.0000000000000004e-08	0.9860460162357535
98	tensor(0.0024, device='cuda:0')	1.0000000000000004e-08	0.9860460483684595
99	tensor(0.0024, device='cuda:0')	1.0000000000000004e-08	0.9860460544838716
100	tensor(0.0024, device='cuda:0')	1.0000000000000004e-08	0.9860460731008978
101	tensor(0.0024, device='cuda:0')	1.0000000000000004e-08	0.9860461000589636
102	tensor(0.0024, device='cuda:0')	1.0000000000000004e-08	0.986046119857736
103	tensor(0.0024, device='cuda:0')	1.0000000000000004e-08	0.9860461378272362
104	tensor(0.0024, device='cuda:0')	1.0000000000000004e-08	0.98604617234764
105	tensor(0.0024, device='cuda:0')	1.0000000000000004e-08	0.9860462031989012
