epoch	loss	lr	cor
1	tensor(6.8383, device='cuda:0')	0.001	0.030553464753095092
2	tensor(4.8652, device='cuda:0')	0.001	0.057180090169090966
3	tensor(4.4296, device='cuda:0')	0.001	0.05998975165288768
4	tensor(4.0201, device='cuda:0')	0.001	0.10414484836583165
5	tensor(3.7508, device='cuda:0')	0.001	0.13003488511858116
6	tensor(3.6823, device='cuda:0')	0.001	0.13479576425906392
7	tensor(3.5653, device='cuda:0')	0.001	0.13616314373861838
8	tensor(3.5245, device='cuda:0')	0.001	0.13937081202743848
9	tensor(3.3809, device='cuda:0')	0.001	0.16174263556762264
10	tensor(3.3586, device='cuda:0')	0.001	0.15651266891400004
11	tensor(3.2556, device='cuda:0')	0.001	0.1751982495094214
12	tensor(3.2036, device='cuda:0')	0.001	0.18109522455857752
13	tensor(3.1844, device='cuda:0')	0.001	0.18359111984182852
14	tensor(3.1316, device='cuda:0')	0.001	0.18923636637305571
15	tensor(3.0831, device='cuda:0')	0.001	0.18956687433571365
16	tensor(3.0161, device='cuda:0')	0.001	0.2042552668136337
17	tensor(2.9943, device='cuda:0')	0.001	0.19231554773945553
18	tensor(2.9386, device='cuda:0')	0.001	0.20886486089608097
19	tensor(2.9114, device='cuda:0')	0.001	0.21192400956584023
20	tensor(2.8494, device='cuda:0')	0.001	0.21544399666229866
21	tensor(2.8371, device='cuda:0')	0.001	0.21068707844342963
22	tensor(2.7901, device='cuda:0')	0.001	0.22549836436863072
23	tensor(2.7748, device='cuda:0')	0.001	0.22586902906452297
24	tensor(2.7703, device='cuda:0')	0.001	0.2237569467956683
25	tensor(2.7198, device='cuda:0')	0.001	0.22844424022295584
26	tensor(2.6835, device='cuda:0')	0.001	0.2360173943114657
27	tensor(2.6616, device='cuda:0')	0.001	0.23997033155527345
28	tensor(2.6278, device='cuda:0')	0.001	0.2476155452094276
29	tensor(2.6166, device='cuda:0')	0.001	0.24735289274752223
30	tensor(2.6008, device='cuda:0')	0.001	0.2552062192487359
31	tensor(2.5741, device='cuda:0')	0.001	0.25406464507611176
32	tensor(2.5803, device='cuda:0')	0.001	0.25301153444799
33	tensor(2.5032, device='cuda:0')	0.001	0.27372195300154867
34	tensor(2.5080, device='cuda:0')	0.001	0.26791310300688254
35	tensor(2.5108, device='cuda:0')	0.001	0.269529007552411
36	tensor(2.4782, device='cuda:0')	0.001	0.2791165518114463
37	tensor(2.4731, device='cuda:0')	0.001	0.2783869152374418
38	tensor(2.4534, device='cuda:0')	0.001	0.28160408735015124
39	tensor(2.4382, device='cuda:0')	0.001	0.28229544496644804
40	tensor(2.4258, device='cuda:0')	0.001	0.2913528775526412
41	tensor(2.3993, device='cuda:0')	0.001	0.28887574077879297
42	tensor(2.3872, device='cuda:0')	0.001	0.29891819002540704
43	tensor(2.3793, device='cuda:0')	0.001	0.2990686163708364
44	tensor(2.3578, device='cuda:0')	0.001	0.3063573916307958
45	tensor(2.3506, device='cuda:0')	0.001	0.30155865696787126
46	tensor(2.3261, device='cuda:0')	0.001	0.30868454952758767
47	tensor(2.3151, device='cuda:0')	0.001	0.3141056695333502
48	tensor(2.3145, device='cuda:0')	0.001	0.31826110908973354
49	tensor(2.3014, device='cuda:0')	0.001	0.3219319194478175
50	tensor(2.2703, device='cuda:0')	0.001	0.3294850372347817
51	tensor(2.2716, device='cuda:0')	0.001	0.32466383219461814
52	tensor(2.2793, device='cuda:0')	0.001	0.32617983502649495
53	tensor(2.2512, device='cuda:0')	0.001	0.32874898044000955
54	tensor(2.2485, device='cuda:0')	0.001	0.3307538158542881
55	tensor(2.2223, device='cuda:0')	0.001	0.337820943087051
56	tensor(2.2261, device='cuda:0')	0.001	0.3383403050639941
57	tensor(2.2091, device='cuda:0')	0.001	0.34552591794543897
58	tensor(2.2107, device='cuda:0')	0.001	0.34126915035252253
59	tensor(2.1953, device='cuda:0')	0.001	0.3460360573689107
60	tensor(2.1864, device='cuda:0')	0.001	0.3495498903742104
61	tensor(2.1747, device='cuda:0')	0.001	0.35468032261154464
62	tensor(2.1687, device='cuda:0')	0.001	0.3511601073820618
63	tensor(2.1685, device='cuda:0')	0.001	0.3518987791595383
64	tensor(2.1766, device='cuda:0')	0.001	0.351227537097834
65	tensor(2.1606, device='cuda:0')	0.001	0.3572470920751894
66	tensor(2.1393, device='cuda:0')	0.001	0.36269328900671405
67	tensor(2.1384, device='cuda:0')	0.001	0.3633005741015223
68	tensor(2.1231, device='cuda:0')	0.001	0.3691434303649014
69	tensor(2.1296, device='cuda:0')	0.001	0.3682350574903129
70	tensor(2.1115, device='cuda:0')	0.001	0.36673304042123683
71	tensor(2.1422, device='cuda:0')	0.001	0.3566151149963413
72	tensor(2.1265, device='cuda:0')	0.001	0.3651069978699692
73	tensor(2.1082, device='cuda:0')	0.001	0.37113751819380864
74	tensor(2.0995, device='cuda:0')	0.001	0.37582164942247837
75	tensor(2.0955, device='cuda:0')	0.001	0.37370028280861645
76	tensor(2.0766, device='cuda:0')	0.001	0.3779373791126121
77	tensor(2.0723, device='cuda:0')	0.001	0.38348167973793795
78	tensor(2.0591, device='cuda:0')	0.001	0.3850137240294243
79	tensor(2.0674, device='cuda:0')	0.001	0.38020846665874647
80	tensor(2.0311, device='cuda:0')	0.001	0.3924536057721011
81	tensor(2.0302, device='cuda:0')	0.001	0.3937835670778976
82	tensor(2.0360, device='cuda:0')	0.001	0.3912559511707835
83	tensor(2.0492, device='cuda:0')	0.001	0.3852558320108897
84	tensor(2.0278, device='cuda:0')	0.001	0.39517357388662555
85	tensor(2.0294, device='cuda:0')	0.001	0.3929639389113625
86	tensor(2.0119, device='cuda:0')	0.001	0.39820342791280905
87	tensor(2.0179, device='cuda:0')	0.001	0.39949934878038784
88	tensor(1.9966, device='cuda:0')	0.001	0.40272745962143
89	tensor(2.0002, device='cuda:0')	0.001	0.403825016523617
90	tensor(1.9957, device='cuda:0')	0.001	0.4065013984256162
91	tensor(1.9860, device='cuda:0')	0.001	0.4037530805868083
92	tensor(1.9951, device='cuda:0')	0.001	0.4039600330111407
93	tensor(1.9815, device='cuda:0')	0.001	0.40675203428938017
94	tensor(1.9968, device='cuda:0')	0.001	0.4045460981419953
95	tensor(1.9667, device='cuda:0')	0.001	0.4110936751767969
96	tensor(1.9616, device='cuda:0')	0.001	0.4167593589611887
97	tensor(1.9714, device='cuda:0')	0.001	0.4108781207862175
98	tensor(1.9609, device='cuda:0')	0.001	0.4151485679335552
99	tensor(1.9523, device='cuda:0')	0.001	0.4195587512872993
100	tensor(1.9524, device='cuda:0')	0.001	0.41748981025841675
101	tensor(1.9530, device='cuda:0')	0.001	0.41724634479300876
102	tensor(1.9214, device='cuda:0')	0.001	0.4278544349744556
103	tensor(1.9106, device='cuda:0')	0.001	0.43055043020375494
104	tensor(1.9170, device='cuda:0')	0.001	0.429550716205221
105	tensor(1.9118, device='cuda:0')	0.001	0.4297405206200526
106	tensor(1.9337, device='cuda:0')	0.001	0.42394774560765414
107	tensor(1.9023, device='cuda:0')	0.001	0.4319620883765225
108	tensor(1.9109, device='cuda:0')	0.001	0.42939476954854056
109	tensor(1.8767, device='cuda:0')	0.001	0.44160789638043313
110	tensor(1.9049, device='cuda:0')	0.001	0.43192973581077604
111	tensor(1.8926, device='cuda:0')	0.001	0.4349236712277691
112	tensor(1.8962, device='cuda:0')	0.001	0.43721085944863497
113	tensor(1.8846, device='cuda:0')	0.001	0.4376236759565727
114	tensor(1.8911, device='cuda:0')	0.001	0.4356862580779016
115	tensor(1.8726, device='cuda:0')	0.001	0.4446980421931597
116	tensor(1.8794, device='cuda:0')	0.001	0.4409562777663139
117	tensor(1.8639, device='cuda:0')	0.001	0.4452389260795161
118	tensor(1.8580, device='cuda:0')	0.001	0.44751725711184587
119	tensor(1.8433, device='cuda:0')	0.001	0.4538081628167557
120	tensor(1.8554, device='cuda:0')	0.001	0.450292784821156
121	tensor(1.8434, device='cuda:0')	0.001	0.45246621727744935
122	tensor(1.8493, device='cuda:0')	0.001	0.4490756102564426
123	tensor(1.8402, device='cuda:0')	0.001	0.4535151618460277
124	tensor(1.8413, device='cuda:0')	0.001	0.45284787580319746
125	tensor(1.8334, device='cuda:0')	0.001	0.4545458853075405
126	tensor(1.8339, device='cuda:0')	0.001	0.45594428740654613
127	tensor(1.8285, device='cuda:0')	0.001	0.453607560417344
128	tensor(1.8134, device='cuda:0')	0.001	0.46169938153789014
129	tensor(1.8111, device='cuda:0')	0.001	0.46138972207774054
130	tensor(1.8144, device='cuda:0')	0.001	0.4603807681935599
131	tensor(1.8090, device='cuda:0')	0.001	0.46222853930274016
132	tensor(1.7857, device='cuda:0')	0.001	0.4694581679902567
133	tensor(1.8046, device='cuda:0')	0.001	0.46471829210188126
134	tensor(1.7912, device='cuda:0')	0.001	0.46852780300963687
135	tensor(1.7925, device='cuda:0')	0.001	0.4693432883219906
136	tensor(1.7748, device='cuda:0')	0.001	0.4744055048246373
137	tensor(1.7904, device='cuda:0')	0.001	0.46913364562291676
138	tensor(1.7871, device='cuda:0')	0.001	0.4685661580830989
139	tensor(1.7780, device='cuda:0')	0.001	0.4745904329384162
140	tensor(1.7702, device='cuda:0')	0.001	0.47547291083921506
141	tensor(1.7905, device='cuda:0')	0.001	0.4695668764670586
142	tensor(1.7500, device='cuda:0')	0.001	0.4818332985220292
143	tensor(1.7552, device='cuda:0')	0.001	0.47900450457736077
144	tensor(1.7659, device='cuda:0')	0.001	0.47579142254970447
145	tensor(1.7560, device='cuda:0')	0.001	0.4808424023267988
146	tensor(1.7561, device='cuda:0')	0.001	0.4825463175511277
147	tensor(1.7476, device='cuda:0')	0.001	0.48224369320852106
148	tensor(1.7462, device='cuda:0')	0.001	0.48368542078437265
149	tensor(1.7478, device='cuda:0')	0.001	0.4811507016526799
150	tensor(1.7382, device='cuda:0')	0.001	0.4872928060305531
151	tensor(1.7215, device='cuda:0')	0.001	0.49170867943515867
152	tensor(1.7213, device='cuda:0')	0.001	0.49372406638276917
153	tensor(1.7102, device='cuda:0')	0.001	0.4956247923218754
154	tensor(1.7172, device='cuda:0')	0.001	0.49469424323673183
155	tensor(1.7228, device='cuda:0')	0.001	0.4898481930022088
156	tensor(1.7000, device='cuda:0')	0.001	0.49884907562128405
157	tensor(1.6984, device='cuda:0')	0.001	0.5005438967472792
158	tensor(1.7017, device='cuda:0')	0.001	0.4976778438330722
159	tensor(1.6959, device='cuda:0')	0.001	0.5026942795018747
160	tensor(1.7086, device='cuda:0')	0.001	0.49590719937552763
161	tensor(1.6887, device='cuda:0')	0.001	0.5042848027310475
162	tensor(1.6819, device='cuda:0')	0.001	0.5042364346248391
163	tensor(1.6747, device='cuda:0')	0.001	0.5094836478232497
164	tensor(1.6838, device='cuda:0')	0.001	0.5035533846748735
165	tensor(1.6738, device='cuda:0')	0.001	0.5087495780462877
166	tensor(1.6677, device='cuda:0')	0.001	0.510007685851762
167	tensor(1.6856, device='cuda:0')	0.001	0.5027603842344579
168	tensor(1.6803, device='cuda:0')	0.001	0.5050185969613563
169	tensor(1.6641, device='cuda:0')	0.001	0.5125136909096232
170	tensor(1.6498, device='cuda:0')	0.001	0.5164110737725031
171	tensor(1.6612, device='cuda:0')	0.001	0.5123027536842818
172	tensor(1.6567, device='cuda:0')	0.001	0.5139755537772179
173	tensor(1.6708, device='cuda:0')	0.001	0.5092730718575258
174	tensor(1.6501, device='cuda:0')	0.001	0.5147230464580395
175	tensor(1.6525, device='cuda:0')	0.001	0.5159037884355964
176	tensor(1.6539, device='cuda:0')	0.001	0.5145260318085697
177	tensor(1.6466, device='cuda:0')	0.001	0.5162879712764697
178	tensor(1.6263, device='cuda:0')	0.001	0.5253171758759223
179	tensor(1.6278, device='cuda:0')	0.001	0.523716507431437
180	tensor(1.6278, device='cuda:0')	0.001	0.5235334000041507
181	tensor(1.6208, device='cuda:0')	0.001	0.5257838265949375
182	tensor(1.6174, device='cuda:0')	0.001	0.5281216376736481
183	tensor(1.6243, device='cuda:0')	0.001	0.5261061417544042
184	tensor(1.6132, device='cuda:0')	0.001	0.5294809486256927
185	tensor(1.6096, device='cuda:0')	0.001	0.5295465868132586
186	tensor(1.6066, device='cuda:0')	0.001	0.5317621581007822
187	tensor(1.5882, device='cuda:0')	0.001	0.5380583262117258
188	tensor(1.6207, device='cuda:0')	0.001	0.5254897690696139
189	tensor(1.5944, device='cuda:0')	0.001	0.5357100323706822
190	tensor(1.6162, device='cuda:0')	0.001	0.5273303800786243
191	tensor(1.5889, device='cuda:0')	0.001	0.5369002849179847
192	tensor(1.5664, device='cuda:0')	0.001	0.5464322027501267
193	tensor(1.5990, device='cuda:0')	0.001	0.5341319027948195
194	tensor(1.5924, device='cuda:0')	0.001	0.5364056013464441
195	tensor(1.5792, device='cuda:0')	0.001	0.5397621409011503
196	tensor(1.5814, device='cuda:0')	0.001	0.5401493130203
197	tensor(1.5780, device='cuda:0')	0.001	0.5410494693204666
198	tensor(1.5716, device='cuda:0')	0.001	0.5435763888338724
199	tensor(1.5654, device='cuda:0')	0.001	0.5467644939032992
200	tensor(1.5746, device='cuda:0')	0.001	0.5410947725136496
